Starting up http-server, serving ./
Available on:
  http://127.0.0.1:80
  http://172.16.0.10:80
  http://10.8.0.1:80
Hit CTRL-C to stop the server
[Sun Aug 11 2019 15:17:38 GMT+0800 (CST)] "GET /" "Mozilla/5.0 (Windows NT 10.0; Win64; x64) AppleWebKit/537.36 (KHTML, like Gecko) Chrome/76.0.3809.100 Safari/537.36"
[Sun Aug 11 2019 15:17:39 GMT+0800 (CST)] "GET /images/virlogo.png" "Mozilla/5.0 (Windows NT 10.0; Win64; x64) AppleWebKit/537.36 (KHTML, like Gecko) Chrome/76.0.3809.100 Safari/537.36"
[Sun Aug 11 2019 15:17:39 GMT+0800 (CST)] "GET /fonts/feather/style.css" "Mozilla/5.0 (Windows NT 10.0; Win64; x64) AppleWebKit/537.36 (KHTML, like Gecko) Chrome/76.0.3809.100 Safari/537.36"
[Sun Aug 11 2019 15:17:39 GMT+0800 (CST)] "GET /css/demo.css" "Mozilla/5.0 (Windows NT 10.0; Win64; x64) AppleWebKit/537.36 (KHTML, like Gecko) Chrome/76.0.3809.100 Safari/537.36"
[Sun Aug 11 2019 15:17:39 GMT+0800 (CST)] "GET /css/component.css" "Mozilla/5.0 (Windows NT 10.0; Win64; x64) AppleWebKit/537.36 (KHTML, like Gecko) Chrome/76.0.3809.100 Safari/537.36"
[Sun Aug 11 2019 15:17:39 GMT+0800 (CST)] "GET /images/logo5.png" "Mozilla/5.0 (Windows NT 10.0; Win64; x64) AppleWebKit/537.36 (KHTML, like Gecko) Chrome/76.0.3809.100 Safari/537.36"
[Sun Aug 11 2019 15:17:39 GMT+0800 (CST)] "GET /js/modernizr.custom.js" "Mozilla/5.0 (Windows NT 10.0; Win64; x64) AppleWebKit/537.36 (KHTML, like Gecko) Chrome/76.0.3809.100 Safari/537.36"
[Sun Aug 11 2019 15:17:39 GMT+0800 (CST)] "GET /js/classie.js" "Mozilla/5.0 (Windows NT 10.0; Win64; x64) AppleWebKit/537.36 (KHTML, like Gecko) Chrome/76.0.3809.100 Safari/537.36"
[Sun Aug 11 2019 15:17:39 GMT+0800 (CST)] "GET /js/dynamics.min.js" "Mozilla/5.0 (Windows NT 10.0; Win64; x64) AppleWebKit/537.36 (KHTML, like Gecko) Chrome/76.0.3809.100 Safari/537.36"
[Sun Aug 11 2019 15:17:39 GMT+0800 (CST)] "GET /images/imac.png" "Mozilla/5.0 (Windows NT 10.0; Win64; x64) AppleWebKit/537.36 (KHTML, like Gecko) Chrome/76.0.3809.100 Safari/537.36"
[Sun Aug 11 2019 15:17:39 GMT+0800 (CST)] "GET /js/main.js" "Mozilla/5.0 (Windows NT 10.0; Win64; x64) AppleWebKit/537.36 (KHTML, like Gecko) Chrome/76.0.3809.100 Safari/537.36"
[Sun Aug 11 2019 15:17:39 GMT+0800 (CST)] "GET /images/iphone-content.png" "Mozilla/5.0 (Windows NT 10.0; Win64; x64) AppleWebKit/537.36 (KHTML, like Gecko) Chrome/76.0.3809.100 Safari/537.36"
[Sun Aug 11 2019 15:17:39 GMT+0800 (CST)] "GET /videos/%E8%A1%A8%E6%BC%94%E6%97%B6%E9%97%B4.mp4" "Mozilla/5.0 (Windows NT 10.0; Win64; x64) AppleWebKit/537.36 (KHTML, like Gecko) Chrome/76.0.3809.100 Safari/537.36"
[Sun Aug 11 2019 15:17:39 GMT+0800 (CST)] "GET /videos/%E8%A1%A8%E6%BC%94%E6%97%B6%E9%97%B4.mp4" "Mozilla/5.0 (Windows NT 10.0; Win64; x64) AppleWebKit/537.36 (KHTML, like Gecko) Chrome/76.0.3809.100 Safari/537.36"
[Sun Aug 11 2019 15:17:39 GMT+0800 (CST)] "GET /favicon.ico" "Mozilla/5.0 (Windows NT 10.0; Win64; x64) AppleWebKit/537.36 (KHTML, like Gecko) Chrome/76.0.3809.100 Safari/537.36"
[Sun Aug 11 2019 15:17:39 GMT+0800 (CST)] "GET /favicon.ico" Error (404): "Not found"
[Sun Aug 11 2019 15:17:50 GMT+0800 (CST)] "GET /videos/%E5%8A%A0%E6%B2%B9.mp4" "Mozilla/5.0 (Linux; Android 5.0; SM-G900P Build/LRX21T) AppleWebKit/537.36 (KHTML, like Gecko) Chrome/76.0.3809.100 Mobile Safari/537.36"
[Sun Aug 11 2019 15:17:50 GMT+0800 (CST)] "GET /videos/%E5%8A%A0%E6%B2%B9.mp4" "Mozilla/5.0 (Linux; Android 5.0; SM-G900P Build/LRX21T) AppleWebKit/537.36 (KHTML, like Gecko) Chrome/76.0.3809.100 Mobile Safari/537.36"
[Sun Aug 11 2019 15:17:50 GMT+0800 (CST)] "GET /videos/%E5%8A%A0%E6%B2%B9.mp4" "Mozilla/5.0 (Linux; Android 5.0; SM-G900P Build/LRX21T) AppleWebKit/537.36 (KHTML, like Gecko) Chrome/76.0.3809.100 Mobile Safari/537.36"
[Sun Aug 11 2019 15:17:55 GMT+0800 (CST)] "GET /videos/%E9%99%A4%E5%A4%95.mp4" "Mozilla/5.0 (Linux; Android 5.0; SM-G900P Build/LRX21T) AppleWebKit/537.36 (KHTML, like Gecko) Chrome/76.0.3809.100 Mobile Safari/537.36"
[Sun Aug 11 2019 15:17:55 GMT+0800 (CST)] "GET /videos/%E9%99%A4%E5%A4%95.mp4" "Mozilla/5.0 (Linux; Android 5.0; SM-G900P Build/LRX21T) AppleWebKit/537.36 (KHTML, like Gecko) Chrome/76.0.3809.100 Mobile Safari/537.36"
[Sun Aug 11 2019 15:17:55 GMT+0800 (CST)] "GET /videos/%E9%99%A4%E5%A4%95.mp4" "Mozilla/5.0 (Linux; Android 5.0; SM-G900P Build/LRX21T) AppleWebKit/537.36 (KHTML, like Gecko) Chrome/76.0.3809.100 Mobile Safari/537.36"
[Sun Aug 11 2019 15:18:04 GMT+0800 (CST)] "GET /videos/%E8%A1%A8%E6%BC%94%E6%97%B6%E9%97%B4.mp4" "Mozilla/5.0 (Linux; Android 5.0; SM-G900P Build/LRX21T) AppleWebKit/537.36 (KHTML, like Gecko) Chrome/76.0.3809.100 Mobile Safari/537.36"
[Sun Aug 11 2019 15:20:51 GMT+0800 (CST)] "GET /favicon.ico" "Mozilla/5.0 (Windows NT 10.0; WOW64) AppleWebKit/537.36 (KHTML, like Gecko) Chrome/63.0.3239.132 Safari/537.36"
[Sun Aug 11 2019 15:20:51 GMT+0800 (CST)] "GET /favicon.ico" Error (404): "Not found"
[Sun Aug 11 2019 15:20:52 GMT+0800 (CST)] "GET /" "Mozilla/5.0 (Windows NT 10.0; WOW64; Trident/7.0; rv:11.0) like Gecko"
[Sun Aug 11 2019 15:20:52 GMT+0800 (CST)] "GET /fonts/feather/style.css" "Mozilla/5.0 (Windows NT 10.0; WOW64; Trident/7.0; rv:11.0) like Gecko"
[Sun Aug 11 2019 15:20:52 GMT+0800 (CST)] "GET /css/demo.css" "Mozilla/5.0 (Windows NT 10.0; WOW64; Trident/7.0; rv:11.0) like Gecko"
[Sun Aug 11 2019 15:20:52 GMT+0800 (CST)] "GET /css/component.css" "Mozilla/5.0 (Windows NT 10.0; WOW64; Trident/7.0; rv:11.0) like Gecko"
[Sun Aug 11 2019 15:20:52 GMT+0800 (CST)] "GET /js/modernizr.custom.js" "Mozilla/5.0 (Windows NT 10.0; WOW64; Trident/7.0; rv:11.0) like Gecko"
[Sun Aug 11 2019 15:20:52 GMT+0800 (CST)] "GET /js/classie.js" "Mozilla/5.0 (Windows NT 10.0; WOW64; Trident/7.0; rv:11.0) like Gecko"
[Sun Aug 11 2019 15:20:52 GMT+0800 (CST)] "GET /images/iphone-content.png" "Mozilla/5.0 (Windows NT 10.0; WOW64; Trident/7.0; rv:11.0) like Gecko"
[Sun Aug 11 2019 15:20:52 GMT+0800 (CST)] "GET /js/dynamics.min.js" "Mozilla/5.0 (Windows NT 10.0; WOW64; Trident/7.0; rv:11.0) like Gecko"
[Sun Aug 11 2019 15:20:52 GMT+0800 (CST)] "GET /images/imac.png" "Mozilla/5.0 (Windows NT 10.0; WOW64; Trident/7.0; rv:11.0) like Gecko"
[Sun Aug 11 2019 15:20:52 GMT+0800 (CST)] "GET /images/logo5.png" "Mozilla/5.0 (Windows NT 10.0; WOW64; Trident/7.0; rv:11.0) like Gecko"
[Sun Aug 11 2019 15:20:52 GMT+0800 (CST)] "GET /images/virlogo.png" "Mozilla/5.0 (Windows NT 10.0; WOW64; Trident/7.0; rv:11.0) like Gecko"
[Sun Aug 11 2019 15:20:52 GMT+0800 (CST)] "GET /js/main.js" "Mozilla/5.0 (Windows NT 10.0; WOW64; Trident/7.0; rv:11.0) like Gecko"
[Sun Aug 11 2019 15:20:53 GMT+0800 (CST)] "GET /fonts/feather/fonts/feather.eot?" "Mozilla/5.0 (Windows NT 10.0; WOW64; Trident/7.0; rv:11.0) like Gecko"
[Sun Aug 11 2019 15:20:53 GMT+0800 (CST)] "GET /videos/%E8%A1%A8%E6%BC%94%E6%97%B6%E9%97%B4.mp4" "Mozilla/5.0 (Windows NT 10.0; WOW64; Trident/7.0; rv:11.0) like Gecko"
[Sun Aug 11 2019 15:20:54 GMT+0800 (CST)] "GET /videos/%E6%88%91%E6%98%AF%E5%B0%8F%E4%B8%80.mp4" "Mozilla/5.0 (Windows NT 10.0; WOW64; Trident/7.0; rv:11.0) like Gecko"
[Sun Aug 11 2019 15:20:54 GMT+0800 (CST)] "GET /videos/%E4%BA%A4%E9%80%9A%E7%95%85%E9%80%9A.mp4" "Mozilla/5.0 (Windows NT 10.0; WOW64; Trident/7.0; rv:11.0) like Gecko"
[Sun Aug 11 2019 15:20:54 GMT+0800 (CST)] "GET /videos/%E5%8A%A0%E6%B2%B9.mp4" "Mozilla/5.0 (Windows NT 10.0; WOW64; Trident/7.0; rv:11.0) like Gecko"
[Sun Aug 11 2019 15:20:54 GMT+0800 (CST)] "GET /videos/%E9%99%A4%E5%A4%95.mp4" "Mozilla/5.0 (Windows NT 10.0; WOW64; Trident/7.0; rv:11.0) like Gecko"
[Sun Aug 11 2019 15:20:54 GMT+0800 (CST)] "GET /videos/%E7%A5%9E%E5%A5%87.mp4" "Mozilla/5.0 (Windows NT 10.0; WOW64; Trident/7.0; rv:11.0) like Gecko"
[Sun Aug 11 2019 15:20:54 GMT+0800 (CST)] "GET /videos/%E6%9D%8E%E5%BC%80%E5%A4%8D.mp4" "Mozilla/5.0 (Windows NT 10.0; WOW64; Trident/7.0; rv:11.0) like Gecko"
[Sun Aug 11 2019 15:20:54 GMT+0800 (CST)] "GET /videos/%E4%BA%A4%E9%80%9A%E7%95%85%E9%80%9A.mp4" "Mozilla/5.0 (Windows NT 10.0; WOW64; Trident/7.0; rv:11.0) like Gecko"
[Sun Aug 11 2019 15:20:54 GMT+0800 (CST)] "GET /videos/%E8%A1%A8%E6%BC%94%E6%97%B6%E9%97%B4.mp4" "Mozilla/5.0 (Windows NT 10.0; WOW64; Trident/7.0; rv:11.0) like Gecko"
[Sun Aug 11 2019 15:20:54 GMT+0800 (CST)] "GET /videos/%E6%88%91%E6%98%AF%E5%B0%8F%E4%B8%80.mp4" "Mozilla/5.0 (Windows NT 10.0; WOW64; Trident/7.0; rv:11.0) like Gecko"
[Sun Aug 11 2019 15:20:54 GMT+0800 (CST)] "GET /videos/%E5%8A%A0%E6%B2%B9.mp4" "Mozilla/5.0 (Windows NT 10.0; WOW64; Trident/7.0; rv:11.0) like Gecko"
[Sun Aug 11 2019 15:20:54 GMT+0800 (CST)] "GET /videos/%E9%99%A4%E5%A4%95.mp4" "Mozilla/5.0 (Windows NT 10.0; WOW64; Trident/7.0; rv:11.0) like Gecko"
[Sun Aug 11 2019 15:20:54 GMT+0800 (CST)] "GET /videos/%E7%A5%9E%E5%A5%87.mp4" "Mozilla/5.0 (Windows NT 10.0; WOW64; Trident/7.0; rv:11.0) like Gecko"
[Sun Aug 11 2019 15:20:54 GMT+0800 (CST)] "GET /videos/%E6%9D%8E%E5%BC%80%E5%A4%8D.mp4" "Mozilla/5.0 (Windows NT 10.0; WOW64; Trident/7.0; rv:11.0) like Gecko"
[Sun Aug 11 2019 15:20:55 GMT+0800 (CST)] "GET /videos/%E6%88%91%E6%98%AF%E5%B0%8F%E4%B8%80.mp4" "Mozilla/5.0 (Windows NT 10.0; WOW64; Trident/7.0; rv:11.0) like Gecko"
[Sun Aug 11 2019 15:20:55 GMT+0800 (CST)] "GET /videos/%E4%BA%A4%E9%80%9A%E7%95%85%E9%80%9A.mp4" "Mozilla/5.0 (Windows NT 10.0; WOW64; Trident/7.0; rv:11.0) like Gecko"
[Sun Aug 11 2019 15:20:55 GMT+0800 (CST)] "GET /videos/%E7%A5%9E%E5%A5%87.mp4" "Mozilla/5.0 (Windows NT 10.0; WOW64; Trident/7.0; rv:11.0) like Gecko"
[Sun Aug 11 2019 15:20:55 GMT+0800 (CST)] "GET /videos/%E5%8A%A0%E6%B2%B9.mp4" "Mozilla/5.0 (Windows NT 10.0; WOW64; Trident/7.0; rv:11.0) like Gecko"
[Sun Aug 11 2019 15:20:55 GMT+0800 (CST)] "GET /videos/%E6%9D%8E%E5%BC%80%E5%A4%8D.mp4" "Mozilla/5.0 (Windows NT 10.0; WOW64; Trident/7.0; rv:11.0) like Gecko"
[Sun Aug 11 2019 15:20:55 GMT+0800 (CST)] "GET /videos/%E8%A1%A8%E6%BC%94%E6%97%B6%E9%97%B4.mp4" "Mozilla/5.0 (Windows NT 10.0; WOW64; Trident/7.0; rv:11.0) like Gecko"
[Sun Aug 11 2019 15:20:55 GMT+0800 (CST)] "GET /videos/%E9%99%A4%E5%A4%95.mp4" "Mozilla/5.0 (Windows NT 10.0; WOW64; Trident/7.0; rv:11.0) like Gecko"
[Sun Aug 11 2019 15:20:56 GMT+0800 (CST)] "GET /videos/%E6%88%91%E6%98%AF%E5%B0%8F%E4%B8%80.mp4" "Mozilla/5.0 (Windows NT 10.0; WOW64; Trident/7.0; rv:11.0) like Gecko"
[Sun Aug 11 2019 15:20:56 GMT+0800 (CST)] "GET /videos/%E4%BA%A4%E9%80%9A%E7%95%85%E9%80%9A.mp4" "Mozilla/5.0 (Windows NT 10.0; WOW64; Trident/7.0; rv:11.0) like Gecko"
[Sun Aug 11 2019 15:20:57 GMT+0800 (CST)] "GET /videos/%E6%88%91%E6%98%AF%E5%B0%8F%E4%B8%80.mp4" "Mozilla/5.0 (Windows NT 10.0; WOW64; Trident/7.0; rv:11.0) like Gecko"
[Sun Aug 11 2019 15:20:57 GMT+0800 (CST)] "GET /videos/%E9%99%A4%E5%A4%95.mp4" "Mozilla/5.0 (Windows NT 10.0; WOW64; Trident/7.0; rv:11.0) like Gecko"
[Sun Aug 11 2019 15:20:57 GMT+0800 (CST)] "GET /videos/%E9%99%A4%E5%A4%95.mp4" "Mozilla/5.0 (Windows NT 10.0; WOW64; Trident/7.0; rv:11.0) like Gecko"
[Sun Aug 11 2019 15:20:57 GMT+0800 (CST)] "GET /videos/%E6%9D%8E%E5%BC%80%E5%A4%8D.mp4" "Mozilla/5.0 (Windows NT 10.0; WOW64; Trident/7.0; rv:11.0) like Gecko"
[Sun Aug 11 2019 15:20:58 GMT+0800 (CST)] "GET /videos/%E6%88%91%E6%98%AF%E5%B0%8F%E4%B8%80.mp4" "Mozilla/5.0 (Windows NT 10.0; WOW64; Trident/7.0; rv:11.0) like Gecko"
[Sun Aug 11 2019 15:20:58 GMT+0800 (CST)] "GET /videos/%E6%9D%8E%E5%BC%80%E5%A4%8D.mp4" "Mozilla/5.0 (Windows NT 10.0; WOW64; Trident/7.0; rv:11.0) like Gecko"
[Sun Aug 11 2019 15:21:00 GMT+0800 (CST)] "GET /favicon.ico" "Mozilla/4.0 (compatible; MSIE 7.0; Windows NT 6.0; Trident/4.0)"
[Sun Aug 11 2019 15:21:00 GMT+0800 (CST)] "GET /favicon.ico" Error (404): "Not found"
[Sun Aug 11 2019 15:21:24 GMT+0800 (CST)] "GET /?nsukey=Uuv6rzN05Ik33EC90MZ5r%2BMkTWETvQ%2FQXTnY0njJRt3O0DBo%2FSx8ToEUEdzdgAaXpH7IZFPub6mK4Xcmd%2BxqqDgQGJtYZqGnD6PzSbK1EU%2FsEdK1aZdtSGjoEA2NOqiHQ41ee2CREoxHrcupEgAaEhuoRlfBFuaQ7yFhNzo3kpjrnK0ztBu7a19u1sEn4n%2FPCTO8eqwWEfmJdkPkM50uvQ%3D%3D" "Mozilla/5.0 (Linux; Android 9; INE-AL00 Build/HUAWEIINE-AL00; wv) AppleWebKit/537.36 (KHTML, like Gecko) Version/4.0 Chrome/66.0.3359.126 MQQBrowser/6.2 TBS/044813 Mobile Safari/537.36 MMWEBID/8128 MicroMessenger/7.0.6.1460(0x27000634) Process/tools NetType/4G Language/zh_CN"
[Sun Aug 11 2019 15:21:24 GMT+0800 (CST)] "GET /fonts/feather/style.css" "Mozilla/5.0 (Linux; Android 9; INE-AL00 Build/HUAWEIINE-AL00; wv) AppleWebKit/537.36 (KHTML, like Gecko) Version/4.0 Chrome/66.0.3359.126 MQQBrowser/6.2 TBS/044813 Mobile Safari/537.36 MMWEBID/8128 MicroMessenger/7.0.6.1460(0x27000634) Process/tools NetType/4G Language/zh_CN"
[Sun Aug 11 2019 15:21:24 GMT+0800 (CST)] "GET /css/demo.css" "Mozilla/5.0 (Linux; Android 9; INE-AL00 Build/HUAWEIINE-AL00; wv) AppleWebKit/537.36 (KHTML, like Gecko) Version/4.0 Chrome/66.0.3359.126 MQQBrowser/6.2 TBS/044813 Mobile Safari/537.36 MMWEBID/8128 MicroMessenger/7.0.6.1460(0x27000634) Process/tools NetType/4G Language/zh_CN"
[Sun Aug 11 2019 15:21:24 GMT+0800 (CST)] "GET /css/component.css" "Mozilla/5.0 (Linux; Android 9; INE-AL00 Build/HUAWEIINE-AL00; wv) AppleWebKit/537.36 (KHTML, like Gecko) Version/4.0 Chrome/66.0.3359.126 MQQBrowser/6.2 TBS/044813 Mobile Safari/537.36 MMWEBID/8128 MicroMessenger/7.0.6.1460(0x27000634) Process/tools NetType/4G Language/zh_CN"
[Sun Aug 11 2019 15:21:24 GMT+0800 (CST)] "GET /js/modernizr.custom.js" "Mozilla/5.0 (Linux; Android 9; INE-AL00 Build/HUAWEIINE-AL00; wv) AppleWebKit/537.36 (KHTML, like Gecko) Version/4.0 Chrome/66.0.3359.126 MQQBrowser/6.2 TBS/044813 Mobile Safari/537.36 MMWEBID/8128 MicroMessenger/7.0.6.1460(0x27000634) Process/tools NetType/4G Language/zh_CN"
[Sun Aug 11 2019 15:21:24 GMT+0800 (CST)] "GET /js/classie.js" "Mozilla/5.0 (Linux; Android 9; INE-AL00 Build/HUAWEIINE-AL00; wv) AppleWebKit/537.36 (KHTML, like Gecko) Version/4.0 Chrome/66.0.3359.126 MQQBrowser/6.2 TBS/044813 Mobile Safari/537.36 MMWEBID/8128 MicroMessenger/7.0.6.1460(0x27000634) Process/tools NetType/4G Language/zh_CN"
[Sun Aug 11 2019 15:21:24 GMT+0800 (CST)] "GET /js/dynamics.min.js" "Mozilla/5.0 (Linux; Android 9; INE-AL00 Build/HUAWEIINE-AL00; wv) AppleWebKit/537.36 (KHTML, like Gecko) Version/4.0 Chrome/66.0.3359.126 MQQBrowser/6.2 TBS/044813 Mobile Safari/537.36 MMWEBID/8128 MicroMessenger/7.0.6.1460(0x27000634) Process/tools NetType/4G Language/zh_CN"
[Sun Aug 11 2019 15:21:24 GMT+0800 (CST)] "GET /js/main.js" "Mozilla/5.0 (Linux; Android 9; INE-AL00 Build/HUAWEIINE-AL00; wv) AppleWebKit/537.36 (KHTML, like Gecko) Version/4.0 Chrome/66.0.3359.126 MQQBrowser/6.2 TBS/044813 Mobile Safari/537.36 MMWEBID/8128 MicroMessenger/7.0.6.1460(0x27000634) Process/tools NetType/4G Language/zh_CN"
[Sun Aug 11 2019 15:21:24 GMT+0800 (CST)] "GET /images/imac.png" "Mozilla/5.0 (Linux; Android 9; INE-AL00 Build/HUAWEIINE-AL00; wv) AppleWebKit/537.36 (KHTML, like Gecko) Version/4.0 Chrome/66.0.3359.126 MQQBrowser/6.2 TBS/044813 Mobile Safari/537.36 MMWEBID/8128 MicroMessenger/7.0.6.1460(0x27000634) Process/tools NetType/4G Language/zh_CN"
[Sun Aug 11 2019 15:21:24 GMT+0800 (CST)] "GET /images/logo5.png" "Mozilla/5.0 (Linux; Android 9; INE-AL00 Build/HUAWEIINE-AL00; wv) AppleWebKit/537.36 (KHTML, like Gecko) Version/4.0 Chrome/66.0.3359.126 MQQBrowser/6.2 TBS/044813 Mobile Safari/537.36 MMWEBID/8128 MicroMessenger/7.0.6.1460(0x27000634) Process/tools NetType/4G Language/zh_CN"
[Sun Aug 11 2019 15:21:24 GMT+0800 (CST)] "GET /images/virlogo.png" "Mozilla/5.0 (Linux; Android 9; INE-AL00 Build/HUAWEIINE-AL00; wv) AppleWebKit/537.36 (KHTML, like Gecko) Version/4.0 Chrome/66.0.3359.126 MQQBrowser/6.2 TBS/044813 Mobile Safari/537.36 MMWEBID/8128 MicroMessenger/7.0.6.1460(0x27000634) Process/tools NetType/4G Language/zh_CN"
[Sun Aug 11 2019 15:21:24 GMT+0800 (CST)] "GET /images/iphone-content.png" "Mozilla/5.0 (Linux; Android 9; INE-AL00 Build/HUAWEIINE-AL00; wv) AppleWebKit/537.36 (KHTML, like Gecko) Version/4.0 Chrome/66.0.3359.126 MQQBrowser/6.2 TBS/044813 Mobile Safari/537.36 MMWEBID/8128 MicroMessenger/7.0.6.1460(0x27000634) Process/tools NetType/4G Language/zh_CN"
[Sun Aug 11 2019 15:21:30 GMT+0800 (CST)] "GET /favicon.ico" "Mozilla/5.0 (Linux; Android 9; INE-AL00 Build/HUAWEIINE-AL00; wv) AppleWebKit/537.36 (KHTML, like Gecko) Version/4.0 Chrome/66.0.3359.126 MQQBrowser/6.2 TBS/044813 Mobile Safari/537.36 MMWEBID/8128 MicroMessenger/7.0.6.1460(0x27000634) Process/tools NetType/4G Language/zh_CN"
[Sun Aug 11 2019 15:21:30 GMT+0800 (CST)] "GET /favicon.ico" Error (404): "Not found"
[Sun Aug 11 2019 15:21:40 GMT+0800 (CST)] "GET /?nsukey=EeKkUj3QuGTludBM3v0PaeVe68tmhk63RN2cSW1h8PPe2xmTBPF7BIIG2lfphQkk%2F%2FXwF1nArklyvjAFzBijcoR2YQX4F4nHwpkq31hlZgel2H%2Fx9R1sE0hHM6oh4DBOLLkWvhJ%2BoiWAijgfRxVHTlc9wDhvk6ZALeYDzshxLzthrYClKrtCnHt1n5o0VMRo" "Mozilla/5.0 (Linux; Android 9; INE-AL00 Build/HUAWEIINE-AL00; wv) AppleWebKit/537.36 (KHTML, like Gecko) Version/4.0 Chrome/66.0.3359.126 MQQBrowser/6.2 TBS/044813 Mobile Safari/537.36 MMWEBID/8128 MicroMessenger/7.0.6.1460(0x27000634) Process/tools NetType/4G Language/zh_CN"
[Sun Aug 11 2019 15:21:40 GMT+0800 (CST)] "GET /favicon.ico" "Mozilla/5.0 (Linux; Android 9; INE-AL00 Build/HUAWEIINE-AL00; wv) AppleWebKit/537.36 (KHTML, like Gecko) Version/4.0 Chrome/66.0.3359.126 MQQBrowser/6.2 TBS/044813 Mobile Safari/537.36 MMWEBID/8128 MicroMessenger/7.0.6.1460(0x27000634) Process/tools NetType/4G Language/zh_CN"
[Sun Aug 11 2019 15:21:40 GMT+0800 (CST)] "GET /favicon.ico" Error (404): "Not found"
[Sun Aug 11 2019 15:21:45 GMT+0800 (CST)] "GET /?nsukey=EeKkUj3QuGTludBM3v0PaeVe68tmhk63RN2cSW1h8PPe2xmTBPF7BIIG2lfphQkk%2F%2FXwF1nArklyvjAFzBijcoR2YQX4F4nHwpkq31hlZgel2H%2Fx9R1sE0hHM6oh4DBOLLkWvhJ%2BoiWAijgfRxVHTlc9wDhvk6ZALeYDzshxLzthrYClKrtCnHt1n5o0VMRo" "Mozilla/5.0 (Linux; Android 9; INE-AL00 Build/HUAWEIINE-AL00; wv) AppleWebKit/537.36 (KHTML, like Gecko) Version/4.0 Chrome/66.0.3359.126 MQQBrowser/6.2 TBS/044813 Mobile Safari/537.36 MMWEBID/8128 MicroMessenger/7.0.6.1460(0x27000634) Process/tools NetType/4G Language/zh_CN"
[Sun Aug 11 2019 15:21:53 GMT+0800 (CST)] "GET /videos/%E8%A1%A8%E6%BC%94%E6%97%B6%E9%97%B4.mp4" "Mozilla/5.0 (Linux; Android 9; INE-AL00 Build/HUAWEIINE-AL00; wv) AppleWebKit/537.36 (KHTML, like Gecko) Version/4.0 Chrome/66.0.3359.126 MQQBrowser/6.2 TBS/044813 Mobile Safari/537.36 MMWEBID/8128 MicroMessenger/7.0.6.1460(0x27000634) Process/tools NetType/4G Language/zh_CN"
[Sun Aug 11 2019 15:21:53 GMT+0800 (CST)] "GET /videos/%E8%A1%A8%E6%BC%94%E6%97%B6%E9%97%B4.mp4" "Mozilla/5.0 (Linux; Android 9; INE-AL00 Build/HUAWEIINE-AL00; wv) AppleWebKit/537.36 (KHTML, like Gecko) Version/4.0 Chrome/66.0.3359.126 MQQBrowser/6.2 TBS/044813 Mobile Safari/537.36 MMWEBID/8128 MicroMessenger/7.0.6.1460(0x27000634) Process/tools NetType/4G Language/zh_CN"
[Sun Aug 11 2019 15:21:53 GMT+0800 (CST)] "GET /videos/%E8%A1%A8%E6%BC%94%E6%97%B6%E9%97%B4.mp4" "Mozilla/5.0 (Linux; Android 9; INE-AL00 Build/HUAWEIINE-AL00; wv) AppleWebKit/537.36 (KHTML, like Gecko) Version/4.0 Chrome/66.0.3359.126 MQQBrowser/6.2 TBS/044813 Mobile Safari/537.36 MMWEBID/8128 MicroMessenger/7.0.6.1460(0x27000634) Process/tools NetType/4G Language/zh_CN"
[Sun Aug 11 2019 15:21:54 GMT+0800 (CST)] "GET /videos/%E8%A1%A8%E6%BC%94%E6%97%B6%E9%97%B4.mp4" "Lavf/57.83.100"
[Sun Aug 11 2019 15:22:03 GMT+0800 (CST)] "GET /videos/%E8%A1%A8%E6%BC%94%E6%97%B6%E9%97%B4.mp4" "Lavf/57.83.100"
[Sun Aug 11 2019 15:22:03 GMT+0800 (CST)] "GET /videos/%E8%A1%A8%E6%BC%94%E6%97%B6%E9%97%B4.mp4" "Lavf/57.83.100"
[Sun Aug 11 2019 15:22:12 GMT+0800 (CST)] "GET /videos/%E9%99%A4%E5%A4%95.mp4" "Mozilla/5.0 (Linux; Android 9; INE-AL00 Build/HUAWEIINE-AL00; wv) AppleWebKit/537.36 (KHTML, like Gecko) Version/4.0 Chrome/66.0.3359.126 MQQBrowser/6.2 TBS/044813 Mobile Safari/537.36 MMWEBID/8128 MicroMessenger/7.0.6.1460(0x27000634) Process/tools NetType/4G Language/zh_CN"
[Sun Aug 11 2019 15:22:12 GMT+0800 (CST)] "GET /videos/%E9%99%A4%E5%A4%95.mp4" "Mozilla/5.0 (Linux; Android 9; INE-AL00 Build/HUAWEIINE-AL00; wv) AppleWebKit/537.36 (KHTML, like Gecko) Version/4.0 Chrome/66.0.3359.126 MQQBrowser/6.2 TBS/044813 Mobile Safari/537.36 MMWEBID/8128 MicroMessenger/7.0.6.1460(0x27000634) Process/tools NetType/4G Language/zh_CN"
[Sun Aug 11 2019 15:22:13 GMT+0800 (CST)] "GET /videos/%E9%99%A4%E5%A4%95.mp4" "Mozilla/5.0 (Linux; Android 9; INE-AL00 Build/HUAWEIINE-AL00; wv) AppleWebKit/537.36 (KHTML, like Gecko) Version/4.0 Chrome/66.0.3359.126 MQQBrowser/6.2 TBS/044813 Mobile Safari/537.36 MMWEBID/8128 MicroMessenger/7.0.6.1460(0x27000634) Process/tools NetType/4G Language/zh_CN"
[Sun Aug 11 2019 15:22:14 GMT+0800 (CST)] "GET /videos/%E9%99%A4%E5%A4%95.mp4" "Lavf/57.83.100"
[Sun Aug 11 2019 15:22:21 GMT+0800 (CST)] "GET /videos/%E9%99%A4%E5%A4%95.mp4" "Lavf/57.83.100"
[Sun Aug 11 2019 15:22:21 GMT+0800 (CST)] "GET /videos/%E9%99%A4%E5%A4%95.mp4" "Lavf/57.83.100"
[Sun Aug 11 2019 15:22:31 GMT+0800 (CST)] "GET /?nsukey=45ibDn8WIVkBF8YKn5iEpGUklvfMbZJePr4LTLs10CCc9Zw%2B09ztti21RFwJGKvzpII789uTkqZdWl%2FlANn20nKa6kuLOq4EIPtxyesm1FwqBdmks1hmw4TAwHqiTE4%2FAcMXS%2BSWQguPPB3W%2FE7IOE6kEwa%2BdiI9ncTNLabmPIsr%2B%2FZtOcJ%2FmyemLvdGEGPqLtRJvIG4o5ErM1VlXhuFSw%3D%3D" "Mozilla/5.0 (Linux; Android 9; INE-AL00 Build/HUAWEIINE-AL00; wv) AppleWebKit/537.36 (KHTML, like Gecko) Version/4.0 Chrome/66.0.3359.126 MQQBrowser/6.2 TBS/044813 Mobile Safari/537.36 MMWEBID/8128 MicroMessenger/7.0.6.1460(0x27000634) Process/tools NetType/4G Language/zh_CN"
[Sun Aug 11 2019 15:22:31 GMT+0800 (CST)] "GET /favicon.ico" "Mozilla/5.0 (Linux; Android 9; INE-AL00 Build/HUAWEIINE-AL00; wv) AppleWebKit/537.36 (KHTML, like Gecko) Version/4.0 Chrome/66.0.3359.126 MQQBrowser/6.2 TBS/044813 Mobile Safari/537.36 MMWEBID/8128 MicroMessenger/7.0.6.1460(0x27000634) Process/tools NetType/4G Language/zh_CN"
[Sun Aug 11 2019 15:22:31 GMT+0800 (CST)] "GET /favicon.ico" Error (404): "Not found"
[Sun Aug 11 2019 15:22:39 GMT+0800 (CST)] "GET /?nsukey=45ibDn8WIVkBF8YKn5iEpGUklvfMbZJePr4LTLs10CCc9Zw%2B09ztti21RFwJGKvzpII789uTkqZdWl%2FlANn20nKa6kuLOq4EIPtxyesm1FwqBdmks1hmw4TAwHqiTE4%2FAcMXS%2BSWQguPPB3W%2FE7IOE6kEwa%2BdiI9ncTNLabmPIsr%2B%2FZtOcJ%2FmyemLvdGEGPqLtRJvIG4o5ErM1VlXhuFSw%3D%3D" "Mozilla/5.0 (Linux; U; Android 9;zh-cn; INE-AL00 Build/HUAWEIINE-AL00) AppleWebKit/537.36 (KHTML, like Gecko)Version/4.0 Chrome/57.0.2987.132 MQQBrowser/8.1 Mobile Safari/537.36"
[Sun Aug 11 2019 15:22:39 GMT+0800 (CST)] "GET /fonts/feather/style.css" "Mozilla/5.0 (Linux; U; Android 9;zh-cn; INE-AL00 Build/HUAWEIINE-AL00) AppleWebKit/537.36 (KHTML, like Gecko)Version/4.0 Chrome/57.0.2987.132 MQQBrowser/8.1 Mobile Safari/537.36"
[Sun Aug 11 2019 15:22:39 GMT+0800 (CST)] "GET /css/demo.css" "Mozilla/5.0 (Linux; U; Android 9;zh-cn; INE-AL00 Build/HUAWEIINE-AL00) AppleWebKit/537.36 (KHTML, like Gecko)Version/4.0 Chrome/57.0.2987.132 MQQBrowser/8.1 Mobile Safari/537.36"
[Sun Aug 11 2019 15:22:39 GMT+0800 (CST)] "GET /css/component.css" "Mozilla/5.0 (Linux; U; Android 9;zh-cn; INE-AL00 Build/HUAWEIINE-AL00) AppleWebKit/537.36 (KHTML, like Gecko)Version/4.0 Chrome/57.0.2987.132 MQQBrowser/8.1 Mobile Safari/537.36"
[Sun Aug 11 2019 15:22:39 GMT+0800 (CST)] "GET /js/modernizr.custom.js" "Mozilla/5.0 (Linux; U; Android 9;zh-cn; INE-AL00 Build/HUAWEIINE-AL00) AppleWebKit/537.36 (KHTML, like Gecko)Version/4.0 Chrome/57.0.2987.132 MQQBrowser/8.1 Mobile Safari/537.36"
[Sun Aug 11 2019 15:22:40 GMT+0800 (CST)] "GET /js/classie.js" "Mozilla/5.0 (Linux; U; Android 9;zh-cn; INE-AL00 Build/HUAWEIINE-AL00) AppleWebKit/537.36 (KHTML, like Gecko)Version/4.0 Chrome/57.0.2987.132 MQQBrowser/8.1 Mobile Safari/537.36"
[Sun Aug 11 2019 15:22:40 GMT+0800 (CST)] "GET /js/dynamics.min.js" "Mozilla/5.0 (Linux; U; Android 9;zh-cn; INE-AL00 Build/HUAWEIINE-AL00) AppleWebKit/537.36 (KHTML, like Gecko)Version/4.0 Chrome/57.0.2987.132 MQQBrowser/8.1 Mobile Safari/537.36"
[Sun Aug 11 2019 15:22:40 GMT+0800 (CST)] "GET /js/main.js" "Mozilla/5.0 (Linux; U; Android 9;zh-cn; INE-AL00 Build/HUAWEIINE-AL00) AppleWebKit/537.36 (KHTML, like Gecko)Version/4.0 Chrome/57.0.2987.132 MQQBrowser/8.1 Mobile Safari/537.36"
[Sun Aug 11 2019 15:22:40 GMT+0800 (CST)] "GET /images/logo5.png" "Mozilla/5.0 (Linux; U; Android 9;zh-cn; INE-AL00 Build/HUAWEIINE-AL00) AppleWebKit/537.36 (KHTML, like Gecko)Version/4.0 Chrome/57.0.2987.132 MQQBrowser/8.1 Mobile Safari/537.36"
[Sun Aug 11 2019 15:22:40 GMT+0800 (CST)] "GET /images/virlogo.png" "Mozilla/5.0 (Linux; U; Android 9;zh-cn; INE-AL00 Build/HUAWEIINE-AL00) AppleWebKit/537.36 (KHTML, like Gecko)Version/4.0 Chrome/57.0.2987.132 MQQBrowser/8.1 Mobile Safari/537.36"
[Sun Aug 11 2019 15:22:40 GMT+0800 (CST)] "GET /images/imac.png" "Mozilla/5.0 (Linux; U; Android 9;zh-cn; INE-AL00 Build/HUAWEIINE-AL00) AppleWebKit/537.36 (KHTML, like Gecko)Version/4.0 Chrome/57.0.2987.132 MQQBrowser/8.1 Mobile Safari/537.36"
[Sun Aug 11 2019 15:22:40 GMT+0800 (CST)] "GET /images/iphone-content.png" "Mozilla/5.0 (Linux; U; Android 9;zh-cn; INE-AL00 Build/HUAWEIINE-AL00) AppleWebKit/537.36 (KHTML, like Gecko)Version/4.0 Chrome/57.0.2987.132 MQQBrowser/8.1 Mobile Safari/537.36"
[Sun Aug 11 2019 15:22:42 GMT+0800 (CST)] "GET /favicon.ico" "Mozilla/5.0 (Linux; U; Android 9;zh-cn; INE-AL00 Build/HUAWEIINE-AL00) AppleWebKit/537.36 (KHTML, like Gecko)Version/4.0 Chrome/57.0.2987.132 MQQBrowser/8.1 Mobile Safari/537.36"
[Sun Aug 11 2019 15:22:42 GMT+0800 (CST)] "GET /favicon.ico" Error (404): "Not found"
[Sun Aug 11 2019 15:22:45 GMT+0800 (CST)] "GET /videos/%E8%A1%A8%E6%BC%94%E6%97%B6%E9%97%B4.mp4" "Mozilla/5.0 (Linux; U; Android 9;zh-cn; INE-AL00 Build/HUAWEIINE-AL00) AppleWebKit/537.36 (KHTML, like Gecko)Version/4.0 Chrome/57.0.2987.132 MQQBrowser/8.1 Mobile Safari/537.36"
[Sun Aug 11 2019 15:22:46 GMT+0800 (CST)] "GET /videos/%E8%A1%A8%E6%BC%94%E6%97%B6%E9%97%B4.mp4" "Lavf/57.83.100"
[Sun Aug 11 2019 15:22:46 GMT+0800 (CST)] "GET /videos/%E8%A1%A8%E6%BC%94%E6%97%B6%E9%97%B4.mp4" "Mozilla/5.0 (Linux; U; Android 9;zh-cn; INE-AL00 Build/HUAWEIINE-AL00) AppleWebKit/537.36 (KHTML, like Gecko)Version/4.0 Chrome/57.0.2987.132 MQQBrowser/8.1 Mobile Safari/537.36"
[Sun Aug 11 2019 15:22:46 GMT+0800 (CST)] "GET /videos/%E8%A1%A8%E6%BC%94%E6%97%B6%E9%97%B4.mp4" "Mozilla/5.0 (Linux; U; Android 9;zh-cn; INE-AL00 Build/HUAWEIINE-AL00) AppleWebKit/537.36 (KHTML, like Gecko)Version/4.0 Chrome/57.0.2987.132 MQQBrowser/8.1 Mobile Safari/537.36"
[Sun Aug 11 2019 15:22:50 GMT+0800 (CST)] "GET /?nsukey=EeKkUj3QuGTludBM3v0PaeVe68tmhk63RN2cSW1h8PPe2xmTBPF7BIIG2lfphQkk%2F%2FXwF1nArklyvjAFzBijcoR2YQX4F4nHwpkq31hlZgel2H%2Fx9R1sE0hHM6oh4DBOLLkWvhJ%2BoiWAijgfRxVHTlc9wDhvk6ZALeYDzshxLzthrYClKrtCnHt1n5o0VMRo" "Mozilla/5.0 (iPhone; CPU iPhone OS 10_2_1 like Mac OS X) AppleWebKit/602.4.6 (KHTML, like Gecko) Mobile/14D27 MicroMessenger/6.5.5 NetType/WIFI Language/zh_CN"
[Sun Aug 11 2019 15:22:55 GMT+0800 (CST)] "GET /videos/%E9%99%A4%E5%A4%95.mp4" "Mozilla/5.0 (Linux; U; Android 9;zh-cn; INE-AL00 Build/HUAWEIINE-AL00) AppleWebKit/537.36 (KHTML, like Gecko)Version/4.0 Chrome/57.0.2987.132 MQQBrowser/8.1 Mobile Safari/537.36"
[Sun Aug 11 2019 15:22:55 GMT+0800 (CST)] "GET /videos/%E9%99%A4%E5%A4%95.mp4" "Mozilla/5.0 (Linux; U; Android 9;zh-cn; INE-AL00 Build/HUAWEIINE-AL00) AppleWebKit/537.36 (KHTML, like Gecko)Version/4.0 Chrome/57.0.2987.132 MQQBrowser/8.1 Mobile Safari/537.36"
[Sun Aug 11 2019 15:22:55 GMT+0800 (CST)] "GET /videos/%E9%99%A4%E5%A4%95.mp4" "Lavf/57.83.100"
[Sun Aug 11 2019 15:22:55 GMT+0800 (CST)] "GET /videos/%E9%99%A4%E5%A4%95.mp4" "Mozilla/5.0 (Linux; U; Android 9;zh-cn; INE-AL00 Build/HUAWEIINE-AL00) AppleWebKit/537.36 (KHTML, like Gecko)Version/4.0 Chrome/57.0.2987.132 MQQBrowser/8.1 Mobile Safari/537.36"
[Sun Aug 11 2019 15:22:55 GMT+0800 (CST)] "GET /videos/%E8%A1%A8%E6%BC%94%E6%97%B6%E9%97%B4.mp4" "Lavf/57.83.100"
[Sun Aug 11 2019 15:22:57 GMT+0800 (CST)] "GET /videos/%E8%A1%A8%E6%BC%94%E6%97%B6%E9%97%B4.mp4" "Lavf/57.83.100"
[Sun Aug 11 2019 15:23:02 GMT+0800 (CST)] "GET /?nsukey=45ibDn8WIVkBF8YKn5iEpGUklvfMbZJePr4LTLs10CCc9Zw%2B09ztti21RFwJGKvzpII789uTkqZdWl%2FlANn20nKa6kuLOq4EIPtxyesm1FwqBdmks1hmw4TAwHqiTE4%2FAcMXS%2BSWQguPPB3W%2FE7IOE6kEwa%2BdiI9ncTNLabmPIsr%2B%2FZtOcJ%2FmyemLvdGEGPqLtRJvIG4o5ErM1VlXhuFSw%3D%3D" "Mozilla/5.0 (iPhone; CPU iPhone OS 8_3 like Mac OS X) AppleWebKit/600.1.4 (KHTML; like Gecko) Mobile/12F70 MicroMessenger/6.1.5 NetType/WIFI"
[Sun Aug 11 2019 15:23:02 GMT+0800 (CST)] "GET /videos/%E9%99%A4%E5%A4%95.mp4" "Lavf/57.83.100"
[Sun Aug 11 2019 15:23:03 GMT+0800 (CST)] "GET /videos/%E9%99%A4%E5%A4%95.mp4" "Lavf/57.83.100"
[Sun Aug 11 2019 15:23:04 GMT+0800 (CST)] "GET /" "Mozilla/5.0 (Linux; Android 9; INE-AL00) AppleWebKit/537.36 (KHTML, like Gecko) Chrome/76.0.3809.89 Mobile Safari/537.36"
[Sun Aug 11 2019 15:23:04 GMT+0800 (CST)] "GET /fonts/feather/style.css" "Mozilla/5.0 (Linux; Android 9; INE-AL00) AppleWebKit/537.36 (KHTML, like Gecko) Chrome/76.0.3809.89 Mobile Safari/537.36"
[Sun Aug 11 2019 15:23:04 GMT+0800 (CST)] "GET /css/demo.css" "Mozilla/5.0 (Linux; Android 9; INE-AL00) AppleWebKit/537.36 (KHTML, like Gecko) Chrome/76.0.3809.89 Mobile Safari/537.36"
[Sun Aug 11 2019 15:23:04 GMT+0800 (CST)] "GET /css/component.css" "Mozilla/5.0 (Linux; Android 9; INE-AL00) AppleWebKit/537.36 (KHTML, like Gecko) Chrome/76.0.3809.89 Mobile Safari/537.36"
[Sun Aug 11 2019 15:23:04 GMT+0800 (CST)] "GET /js/modernizr.custom.js" "Mozilla/5.0 (Linux; Android 9; INE-AL00) AppleWebKit/537.36 (KHTML, like Gecko) Chrome/76.0.3809.89 Mobile Safari/537.36"
[Sun Aug 11 2019 15:23:04 GMT+0800 (CST)] "GET /images/virlogo.png" "Mozilla/5.0 (Linux; Android 9; INE-AL00) AppleWebKit/537.36 (KHTML, like Gecko) Chrome/76.0.3809.89 Mobile Safari/537.36"
[Sun Aug 11 2019 15:23:04 GMT+0800 (CST)] "GET /images/logo5.png" "Mozilla/5.0 (Linux; Android 9; INE-AL00) AppleWebKit/537.36 (KHTML, like Gecko) Chrome/76.0.3809.89 Mobile Safari/537.36"
[Sun Aug 11 2019 15:23:04 GMT+0800 (CST)] "GET /js/classie.js" "Mozilla/5.0 (Linux; Android 9; INE-AL00) AppleWebKit/537.36 (KHTML, like Gecko) Chrome/76.0.3809.89 Mobile Safari/537.36"
[Sun Aug 11 2019 15:23:04 GMT+0800 (CST)] "GET /js/dynamics.min.js" "Mozilla/5.0 (Linux; Android 9; INE-AL00) AppleWebKit/537.36 (KHTML, like Gecko) Chrome/76.0.3809.89 Mobile Safari/537.36"
[Sun Aug 11 2019 15:23:04 GMT+0800 (CST)] "GET /js/main.js" "Mozilla/5.0 (Linux; Android 9; INE-AL00) AppleWebKit/537.36 (KHTML, like Gecko) Chrome/76.0.3809.89 Mobile Safari/537.36"
[Sun Aug 11 2019 15:23:04 GMT+0800 (CST)] "GET /images/imac.png" "Mozilla/5.0 (Linux; Android 9; INE-AL00) AppleWebKit/537.36 (KHTML, like Gecko) Chrome/76.0.3809.89 Mobile Safari/537.36"
[Sun Aug 11 2019 15:23:04 GMT+0800 (CST)] "GET /images/iphone-content.png" "Mozilla/5.0 (Linux; Android 9; INE-AL00) AppleWebKit/537.36 (KHTML, like Gecko) Chrome/76.0.3809.89 Mobile Safari/537.36"
[Sun Aug 11 2019 15:23:06 GMT+0800 (CST)] "GET /videos/%E8%A1%A8%E6%BC%94%E6%97%B6%E9%97%B4.mp4" "Mozilla/5.0 (Linux; Android 9; INE-AL00) AppleWebKit/537.36 (KHTML, like Gecko) Chrome/76.0.3809.89 Mobile Safari/537.36"
[Sun Aug 11 2019 15:23:06 GMT+0800 (CST)] "GET /videos/%E8%A1%A8%E6%BC%94%E6%97%B6%E9%97%B4.mp4" "Mozilla/5.0 (Linux; Android 9; INE-AL00) AppleWebKit/537.36 (KHTML, like Gecko) Chrome/76.0.3809.89 Mobile Safari/537.36"
[Sun Aug 11 2019 15:23:06 GMT+0800 (CST)] "GET /videos/%E8%A1%A8%E6%BC%94%E6%97%B6%E9%97%B4.mp4" "Mozilla/5.0 (Linux; Android 9; INE-AL00) AppleWebKit/537.36 (KHTML, like Gecko) Chrome/76.0.3809.89 Mobile Safari/537.36"
[Sun Aug 11 2019 15:23:09 GMT+0800 (CST)] "GET /favicon.ico" "Mozilla/5.0 (Linux; Android 9; INE-AL00) AppleWebKit/537.36 (KHTML, like Gecko) Chrome/76.0.3809.89 Mobile Safari/537.36"
[Sun Aug 11 2019 15:23:09 GMT+0800 (CST)] "GET /favicon.ico" Error (404): "Not found"
[Sun Aug 11 2019 15:23:09 GMT+0800 (CST)] "GET /videos/%E8%A1%A8%E6%BC%94%E6%97%B6%E9%97%B4.mp4" "Mozilla/5.0 (Linux; Android 9; INE-AL00) AppleWebKit/537.36 (KHTML, like Gecko) Chrome/76.0.3809.89 Mobile Safari/537.36"
[Sun Aug 11 2019 15:23:10 GMT+0800 (CST)] "GET /js/modernizr.custom.js" "Mozilla/5.0 (Linux; Android 5.1.1; SM801 Build/LMY47V; wv) AppleWebKit/537.36 (KHTML, like Gecko) Version/4.0 Chrome/53.0.2785.49 Mobile MQQBrowser/6.2 TBS/043024 Safari/537.36 MicroMessenger/6.5.4.1000 NetType/4G Language/zh_CN"
[Sun Aug 11 2019 15:23:20 GMT+0800 (CST)] "GET /videos/%E9%99%A4%E5%A4%95.mp4" "Mozilla/5.0 (Linux; Android 9; INE-AL00) AppleWebKit/537.36 (KHTML, like Gecko) Chrome/76.0.3809.89 Mobile Safari/537.36"
[Sun Aug 11 2019 15:23:20 GMT+0800 (CST)] "GET /videos/%E9%99%A4%E5%A4%95.mp4" "Mozilla/5.0 (Linux; Android 9; INE-AL00) AppleWebKit/537.36 (KHTML, like Gecko) Chrome/76.0.3809.89 Mobile Safari/537.36"
[Sun Aug 11 2019 15:23:20 GMT+0800 (CST)] "GET /videos/%E9%99%A4%E5%A4%95.mp4" "Mozilla/5.0 (Linux; Android 9; INE-AL00) AppleWebKit/537.36 (KHTML, like Gecko) Chrome/76.0.3809.89 Mobile Safari/537.36"
[Sun Aug 11 2019 15:23:30 GMT+0800 (CST)] "GET /videos/%E5%8A%A0%E6%B2%B9.mp4" "Mozilla/5.0 (Linux; Android 9; INE-AL00) AppleWebKit/537.36 (KHTML, like Gecko) Chrome/76.0.3809.89 Mobile Safari/537.36"
[Sun Aug 11 2019 15:23:30 GMT+0800 (CST)] "GET /videos/%E5%8A%A0%E6%B2%B9.mp4" "Mozilla/5.0 (Linux; Android 9; INE-AL00) AppleWebKit/537.36 (KHTML, like Gecko) Chrome/76.0.3809.89 Mobile Safari/537.36"
[Sun Aug 11 2019 15:23:30 GMT+0800 (CST)] "GET /videos/%E5%8A%A0%E6%B2%B9.mp4" "Mozilla/5.0 (Linux; Android 9; INE-AL00) AppleWebKit/537.36 (KHTML, like Gecko) Chrome/76.0.3809.89 Mobile Safari/537.36"
[Sun Aug 11 2019 15:23:36 GMT+0800 (CST)] "GET /?nsukey=45ibDn8WIVkBF8YKn5iEpGUklvfMbZJePr4LTLs10CCc9Zw%2B09ztti21RFwJGKvzpII789uTkqZdWl%2FlANn20nKa6kuLOq4EIPtxyesm1FwqBdmks1hmw4TAwHqiTE4%2FAcMXS%2BSWQguPPB3W%2FE7IOE6kEwa%2BdiI9ncTNLabmPIsr%2B%2FZtOcJ%2FmyemLvdGEGPqLtRJvIG4o5ErM1VlXhuFSw%3D%3D" "Mozilla/5.0 (Linux; Android 5.1.1; SM801 Build/LMY47V; wv) AppleWebKit/537.36 (KHTML, like Gecko) Version/4.0 Chrome/53.0.2785.49 Mobile MQQBrowser/6.2 TBS/043024 Safari/537.36 MicroMessenger/6.5.4.1000 NetType/4G Language/zh_CN"
[Sun Aug 11 2019 15:23:51 GMT+0800 (CST)] "GET /js/modernizr.custom.js" "Mozilla/5.0 (Windows NT 6.1; WOW64) AppleWebKit/537.36 (KHTML, like Gecko) Chrome/39.0.2171.95 Safari/537.36 MicroMessenger/6.5.2.501 NetType/WIFI WindowsWechat QBCore/3.43.27.400 QQBrowser/9.0.2524.400"
[Sun Aug 11 2019 15:24:01 GMT+0800 (CST)] "GET /js/classie.js" "Mozilla/5.0 (Linux; Android 6.0.1; OPPO R9s Build/MMB29M) AppleWebKit/537.36 (KHTML, like Gecko) Version/4.0 Chrome/37.0.0.0 Mobile MQQBrowser/6.9 TBS/036906 Safari/537.36 MicroMessenger/6.5.4.1000 NetType/4G Language/zh_CN"
[Sun Aug 11 2019 15:24:21 GMT+0800 (CST)] "GET /js/dynamics.min.js" "Mozilla/5.0 (Windows NT 6.1; WOW64) AppleWebKit/537.36 (KHTML, like Gecko) Chrome/39.0.2171.95 Safari/537.36 MicroMessenger/6.5.2.501 NetType/WIFI WindowsWechat QBCore/3.43.27.400 QQBrowser/9.0.2524.400"
[Sun Aug 11 2019 15:24:51 GMT+0800 (CST)] "GET /js/main.js" "Mozilla/5.0 (iPhone; CPU iPhone OS 10_2_1 like Mac OS X) AppleWebKit/602.4.6 (KHTML, like Gecko) Mobile/14D27 MicroMessenger/6.5.5 NetType/WIFI Language/zh_CN"
[Sun Aug 11 2019 15:24:56 GMT+0800 (CST)] "GET /js/classie.js" "Mozilla/5.0 (Windows NT 6.1; WOW64) AppleWebKit/537.36 (KHTML, like Gecko) Chrome/39.0.2171.95 Safari/537.36 MicroMessenger/6.5.2.501 NetType/WIFI WindowsWechat QBCore/3.43.27.400 QQBrowser/9.0.2524.400"
[Sun Aug 11 2019 15:25:07 GMT+0800 (CST)] "GET /js/dynamics.min.js" "Mozilla/5.0 (iPhone; CPU iPhone OS 10_2_1 like Mac OS X) AppleWebKit/602.4.6 (KHTML, like Gecko) Mobile/14D27 MicroMessenger/6.5.5 NetType/WIFI Language/en"
[Sun Aug 11 2019 15:25:22 GMT+0800 (CST)] "GET /js/main.js" "Mozilla/5.0 (Linux; Android 5.1.1; SM801 Build/LMY47V; wv) AppleWebKit/537.36 (KHTML, like Gecko) Version/4.0 Chrome/53.0.2785.49 Mobile MQQBrowser/6.2 TBS/043024 Safari/537.36 MicroMessenger/6.5.4.1000 NetType/4G Language/zh_CN"
[Sun Aug 11 2019 15:26:02 GMT+0800 (CST)] "GET /" "Mozilla/5.0 (Linux; Android 5.0; SM-G900P Build/LRX21T) AppleWebKit/537.36 (KHTML, like Gecko) Chrome/76.0.3809.100 Mobile Safari/537.36"
[Sun Aug 11 2019 15:26:03 GMT+0800 (CST)] "GET /fonts/feather/style.css" "Mozilla/5.0 (Linux; Android 5.0; SM-G900P Build/LRX21T) AppleWebKit/537.36 (KHTML, like Gecko) Chrome/76.0.3809.100 Mobile Safari/537.36"
[Sun Aug 11 2019 15:26:03 GMT+0800 (CST)] "GET /css/demo.css" "Mozilla/5.0 (Linux; Android 5.0; SM-G900P Build/LRX21T) AppleWebKit/537.36 (KHTML, like Gecko) Chrome/76.0.3809.100 Mobile Safari/537.36"
[Sun Aug 11 2019 15:26:03 GMT+0800 (CST)] "GET /js/modernizr.custom.js" "Mozilla/5.0 (Linux; Android 5.0; SM-G900P Build/LRX21T) AppleWebKit/537.36 (KHTML, like Gecko) Chrome/76.0.3809.100 Mobile Safari/537.36"
[Sun Aug 11 2019 15:26:03 GMT+0800 (CST)] "GET /css/component.css" "Mozilla/5.0 (Linux; Android 5.0; SM-G900P Build/LRX21T) AppleWebKit/537.36 (KHTML, like Gecko) Chrome/76.0.3809.100 Mobile Safari/537.36"
[Sun Aug 11 2019 15:26:03 GMT+0800 (CST)] "GET /images/logo5.png" "Mozilla/5.0 (Linux; Android 5.0; SM-G900P Build/LRX21T) AppleWebKit/537.36 (KHTML, like Gecko) Chrome/76.0.3809.100 Mobile Safari/537.36"
[Sun Aug 11 2019 15:26:03 GMT+0800 (CST)] "GET /images/virlogo.png" "Mozilla/5.0 (Linux; Android 5.0; SM-G900P Build/LRX21T) AppleWebKit/537.36 (KHTML, like Gecko) Chrome/76.0.3809.100 Mobile Safari/537.36"
[Sun Aug 11 2019 15:26:03 GMT+0800 (CST)] "GET /js/classie.js" "Mozilla/5.0 (Linux; Android 5.0; SM-G900P Build/LRX21T) AppleWebKit/537.36 (KHTML, like Gecko) Chrome/76.0.3809.100 Mobile Safari/537.36"
[Sun Aug 11 2019 15:26:03 GMT+0800 (CST)] "GET /js/dynamics.min.js" "Mozilla/5.0 (Linux; Android 5.0; SM-G900P Build/LRX21T) AppleWebKit/537.36 (KHTML, like Gecko) Chrome/76.0.3809.100 Mobile Safari/537.36"
[Sun Aug 11 2019 15:26:03 GMT+0800 (CST)] "GET /js/main.js" "Mozilla/5.0 (Linux; Android 5.0; SM-G900P Build/LRX21T) AppleWebKit/537.36 (KHTML, like Gecko) Chrome/76.0.3809.100 Mobile Safari/537.36"
[Sun Aug 11 2019 15:26:03 GMT+0800 (CST)] "GET /images/imac.png" "Mozilla/5.0 (Linux; Android 5.0; SM-G900P Build/LRX21T) AppleWebKit/537.36 (KHTML, like Gecko) Chrome/76.0.3809.100 Mobile Safari/537.36"
[Sun Aug 11 2019 15:26:03 GMT+0800 (CST)] "GET /images/iphone-content.png" "Mozilla/5.0 (Linux; Android 5.0; SM-G900P Build/LRX21T) AppleWebKit/537.36 (KHTML, like Gecko) Chrome/76.0.3809.100 Mobile Safari/537.36"
[Sun Aug 11 2019 15:26:03 GMT+0800 (CST)] "GET /videos/%E8%A1%A8%E6%BC%94%E6%97%B6%E9%97%B4.mp4" "Mozilla/5.0 (Linux; Android 5.0; SM-G900P Build/LRX21T) AppleWebKit/537.36 (KHTML, like Gecko) Chrome/76.0.3809.100 Mobile Safari/537.36"
[Sun Aug 11 2019 15:26:03 GMT+0800 (CST)] "GET /videos/%E8%A1%A8%E6%BC%94%E6%97%B6%E9%97%B4.mp4" "Mozilla/5.0 (Linux; Android 5.0; SM-G900P Build/LRX21T) AppleWebKit/537.36 (KHTML, like Gecko) Chrome/76.0.3809.100 Mobile Safari/537.36"
[Sun Aug 11 2019 15:26:03 GMT+0800 (CST)] "GET /videos/%E8%A1%A8%E6%BC%94%E6%97%B6%E9%97%B4.mp4" "Mozilla/5.0 (Linux; Android 5.0; SM-G900P Build/LRX21T) AppleWebKit/537.36 (KHTML, like Gecko) Chrome/76.0.3809.100 Mobile Safari/537.36"
[Sun Aug 11 2019 15:44:07 GMT+0800 (CST)] "GET /videos/%E8%A1%A8%E6%BC%94%E6%97%B6%E9%97%B4.mp4" "Mozilla/5.0 (Linux; Android 5.0; SM-G900P Build/LRX21T) AppleWebKit/537.36 (KHTML, like Gecko) Chrome/76.0.3809.100 Mobile Safari/537.36"
[Sun Aug 11 2019 15:57:33 GMT+0800 (CST)] "GET /?nsukey=WHGihMYqavWOtVioCJHTDk9%2Ftc1CWNoohu5kcTuyY6cD4jIcsLRGbOgevY2Jenpjvgsh9SYglU3Y7CqFaHcX4kdymjxoNrvOz1kkpOhSyGyzWmePxWZ0HdhuMJm9Wc11FwpW8i%2Bm09E0kVI1Idmlr1HQovE0YYJh%2Fl6ZyFb6IrucAFDmzGvnUbSUTmp8e41dCJy86QllxdMk%2FZrYd6FCgQ%3D%3D" "Mozilla/5.0 (Linux; Android 8.0.0; MIX 2 Build/OPR1.170623.027; wv) AppleWebKit/537.36 (KHTML, like Gecko) Version/4.0 Chrome/66.0.3359.126 MQQBrowser/6.2 TBS/044807 Mobile Safari/537.36 MMWEBID/1266 MicroMessenger/7.0.6.1460(0x27000634) Process/tools NetType/4G Language/zh_CN"
[Sun Aug 11 2019 15:57:33 GMT+0800 (CST)] "GET /fonts/feather/style.css" "Mozilla/5.0 (Linux; Android 8.0.0; MIX 2 Build/OPR1.170623.027; wv) AppleWebKit/537.36 (KHTML, like Gecko) Version/4.0 Chrome/66.0.3359.126 MQQBrowser/6.2 TBS/044807 Mobile Safari/537.36 MMWEBID/1266 MicroMessenger/7.0.6.1460(0x27000634) Process/tools NetType/4G Language/zh_CN"
[Sun Aug 11 2019 15:57:33 GMT+0800 (CST)] "GET /css/demo.css" "Mozilla/5.0 (Linux; Android 8.0.0; MIX 2 Build/OPR1.170623.027; wv) AppleWebKit/537.36 (KHTML, like Gecko) Version/4.0 Chrome/66.0.3359.126 MQQBrowser/6.2 TBS/044807 Mobile Safari/537.36 MMWEBID/1266 MicroMessenger/7.0.6.1460(0x27000634) Process/tools NetType/4G Language/zh_CN"
[Sun Aug 11 2019 15:57:33 GMT+0800 (CST)] "GET /js/modernizr.custom.js" "Mozilla/5.0 (Linux; Android 8.0.0; MIX 2 Build/OPR1.170623.027; wv) AppleWebKit/537.36 (KHTML, like Gecko) Version/4.0 Chrome/66.0.3359.126 MQQBrowser/6.2 TBS/044807 Mobile Safari/537.36 MMWEBID/1266 MicroMessenger/7.0.6.1460(0x27000634) Process/tools NetType/4G Language/zh_CN"
[Sun Aug 11 2019 15:57:33 GMT+0800 (CST)] "GET /css/component.css" "Mozilla/5.0 (Linux; Android 8.0.0; MIX 2 Build/OPR1.170623.027; wv) AppleWebKit/537.36 (KHTML, like Gecko) Version/4.0 Chrome/66.0.3359.126 MQQBrowser/6.2 TBS/044807 Mobile Safari/537.36 MMWEBID/1266 MicroMessenger/7.0.6.1460(0x27000634) Process/tools NetType/4G Language/zh_CN"
[Sun Aug 11 2019 15:57:33 GMT+0800 (CST)] "GET /js/classie.js" "Mozilla/5.0 (Linux; Android 8.0.0; MIX 2 Build/OPR1.170623.027; wv) AppleWebKit/537.36 (KHTML, like Gecko) Version/4.0 Chrome/66.0.3359.126 MQQBrowser/6.2 TBS/044807 Mobile Safari/537.36 MMWEBID/1266 MicroMessenger/7.0.6.1460(0x27000634) Process/tools NetType/4G Language/zh_CN"
[Sun Aug 11 2019 15:57:33 GMT+0800 (CST)] "GET /js/dynamics.min.js" "Mozilla/5.0 (Linux; Android 8.0.0; MIX 2 Build/OPR1.170623.027; wv) AppleWebKit/537.36 (KHTML, like Gecko) Version/4.0 Chrome/66.0.3359.126 MQQBrowser/6.2 TBS/044807 Mobile Safari/537.36 MMWEBID/1266 MicroMessenger/7.0.6.1460(0x27000634) Process/tools NetType/4G Language/zh_CN"
[Sun Aug 11 2019 15:57:33 GMT+0800 (CST)] "GET /js/main.js" "Mozilla/5.0 (Linux; Android 8.0.0; MIX 2 Build/OPR1.170623.027; wv) AppleWebKit/537.36 (KHTML, like Gecko) Version/4.0 Chrome/66.0.3359.126 MQQBrowser/6.2 TBS/044807 Mobile Safari/537.36 MMWEBID/1266 MicroMessenger/7.0.6.1460(0x27000634) Process/tools NetType/4G Language/zh_CN"
[Sun Aug 11 2019 15:57:33 GMT+0800 (CST)] "GET /images/virlogo.png" "Mozilla/5.0 (Linux; Android 8.0.0; MIX 2 Build/OPR1.170623.027; wv) AppleWebKit/537.36 (KHTML, like Gecko) Version/4.0 Chrome/66.0.3359.126 MQQBrowser/6.2 TBS/044807 Mobile Safari/537.36 MMWEBID/1266 MicroMessenger/7.0.6.1460(0x27000634) Process/tools NetType/4G Language/zh_CN"
[Sun Aug 11 2019 15:57:33 GMT+0800 (CST)] "GET /images/iphone-content.png" "Mozilla/5.0 (Linux; Android 8.0.0; MIX 2 Build/OPR1.170623.027; wv) AppleWebKit/537.36 (KHTML, like Gecko) Version/4.0 Chrome/66.0.3359.126 MQQBrowser/6.2 TBS/044807 Mobile Safari/537.36 MMWEBID/1266 MicroMessenger/7.0.6.1460(0x27000634) Process/tools NetType/4G Language/zh_CN"
[Sun Aug 11 2019 15:57:33 GMT+0800 (CST)] "GET /images/imac.png" "Mozilla/5.0 (Linux; Android 8.0.0; MIX 2 Build/OPR1.170623.027; wv) AppleWebKit/537.36 (KHTML, like Gecko) Version/4.0 Chrome/66.0.3359.126 MQQBrowser/6.2 TBS/044807 Mobile Safari/537.36 MMWEBID/1266 MicroMessenger/7.0.6.1460(0x27000634) Process/tools NetType/4G Language/zh_CN"
[Sun Aug 11 2019 15:57:33 GMT+0800 (CST)] "GET /images/logo5.png" "Mozilla/5.0 (Linux; Android 8.0.0; MIX 2 Build/OPR1.170623.027; wv) AppleWebKit/537.36 (KHTML, like Gecko) Version/4.0 Chrome/66.0.3359.126 MQQBrowser/6.2 TBS/044807 Mobile Safari/537.36 MMWEBID/1266 MicroMessenger/7.0.6.1460(0x27000634) Process/tools NetType/4G Language/zh_CN"
[Sun Aug 11 2019 15:57:35 GMT+0800 (CST)] "GET /favicon.ico" "Mozilla/5.0 (Linux; Android 8.0.0; MIX 2 Build/OPR1.170623.027; wv) AppleWebKit/537.36 (KHTML, like Gecko) Version/4.0 Chrome/66.0.3359.126 MQQBrowser/6.2 TBS/044807 Mobile Safari/537.36 MMWEBID/1266 MicroMessenger/7.0.6.1460(0x27000634) Process/tools NetType/4G Language/zh_CN"
[Sun Aug 11 2019 15:57:35 GMT+0800 (CST)] "GET /favicon.ico" Error (404): "Not found"
[Sun Aug 11 2019 15:57:37 GMT+0800 (CST)] "GET /videos/%E8%A1%A8%E6%BC%94%E6%97%B6%E9%97%B4.mp4" "Mozilla/5.0 (Linux; Android 8.0.0; MIX 2 Build/OPR1.170623.027; wv) AppleWebKit/537.36 (KHTML, like Gecko) Version/4.0 Chrome/66.0.3359.126 MQQBrowser/6.2 TBS/044807 Mobile Safari/537.36 MMWEBID/1266 MicroMessenger/7.0.6.1460(0x27000634) Process/tools NetType/4G Language/zh_CN"
[Sun Aug 11 2019 15:57:37 GMT+0800 (CST)] "GET /videos/%E8%A1%A8%E6%BC%94%E6%97%B6%E9%97%B4.mp4" "Mozilla/5.0 (Linux; Android 8.0.0; MIX 2 Build/OPR1.170623.027; wv) AppleWebKit/537.36 (KHTML, like Gecko) Version/4.0 Chrome/66.0.3359.126 MQQBrowser/6.2 TBS/044807 Mobile Safari/537.36 MMWEBID/1266 MicroMessenger/7.0.6.1460(0x27000634) Process/tools NetType/4G Language/zh_CN"
[Sun Aug 11 2019 15:57:37 GMT+0800 (CST)] "GET /videos/%E8%A1%A8%E6%BC%94%E6%97%B6%E9%97%B4.mp4" "Mozilla/5.0 (Linux; Android 8.0.0; MIX 2 Build/OPR1.170623.027; wv) AppleWebKit/537.36 (KHTML, like Gecko) Version/4.0 Chrome/66.0.3359.126 MQQBrowser/6.2 TBS/044807 Mobile Safari/537.36 MMWEBID/1266 MicroMessenger/7.0.6.1460(0x27000634) Process/tools NetType/4G Language/zh_CN"
[Sun Aug 11 2019 15:57:38 GMT+0800 (CST)] "GET /videos/%E8%A1%A8%E6%BC%94%E6%97%B6%E9%97%B4.mp4" "Lavf/57.83.100"
[Sun Aug 11 2019 15:57:47 GMT+0800 (CST)] "GET /videos/%E8%A1%A8%E6%BC%94%E6%97%B6%E9%97%B4.mp4" "Lavf/57.83.100"
[Sun Aug 11 2019 15:57:47 GMT+0800 (CST)] "GET /videos/%E9%99%A4%E5%A4%95.mp4" "Mozilla/5.0 (Linux; Android 8.0.0; MIX 2 Build/OPR1.170623.027; wv) AppleWebKit/537.36 (KHTML, like Gecko) Version/4.0 Chrome/66.0.3359.126 MQQBrowser/6.2 TBS/044807 Mobile Safari/537.36 MMWEBID/1266 MicroMessenger/7.0.6.1460(0x27000634) Process/tools NetType/4G Language/zh_CN"
[Sun Aug 11 2019 15:57:47 GMT+0800 (CST)] "GET /videos/%E8%A1%A8%E6%BC%94%E6%97%B6%E9%97%B4.mp4" "Lavf/57.83.100"
[Sun Aug 11 2019 15:57:47 GMT+0800 (CST)] "GET /videos/%E9%99%A4%E5%A4%95.mp4" "Mozilla/5.0 (Linux; Android 8.0.0; MIX 2 Build/OPR1.170623.027; wv) AppleWebKit/537.36 (KHTML, like Gecko) Version/4.0 Chrome/66.0.3359.126 MQQBrowser/6.2 TBS/044807 Mobile Safari/537.36 MMWEBID/1266 MicroMessenger/7.0.6.1460(0x27000634) Process/tools NetType/4G Language/zh_CN"
[Sun Aug 11 2019 15:57:47 GMT+0800 (CST)] "GET /videos/%E9%99%A4%E5%A4%95.mp4" "Mozilla/5.0 (Linux; Android 8.0.0; MIX 2 Build/OPR1.170623.027; wv) AppleWebKit/537.36 (KHTML, like Gecko) Version/4.0 Chrome/66.0.3359.126 MQQBrowser/6.2 TBS/044807 Mobile Safari/537.36 MMWEBID/1266 MicroMessenger/7.0.6.1460(0x27000634) Process/tools NetType/4G Language/zh_CN"
[Sun Aug 11 2019 15:57:49 GMT+0800 (CST)] "GET /videos/%E9%99%A4%E5%A4%95.mp4" "Lavf/57.83.100"
[Sun Aug 11 2019 15:57:51 GMT+0800 (CST)] "GET /videos/%E5%8A%A0%E6%B2%B9.mp4" "Mozilla/5.0 (Linux; Android 8.0.0; MIX 2 Build/OPR1.170623.027; wv) AppleWebKit/537.36 (KHTML, like Gecko) Version/4.0 Chrome/66.0.3359.126 MQQBrowser/6.2 TBS/044807 Mobile Safari/537.36 MMWEBID/1266 MicroMessenger/7.0.6.1460(0x27000634) Process/tools NetType/4G Language/zh_CN"
[Sun Aug 11 2019 15:57:51 GMT+0800 (CST)] "GET /videos/%E5%8A%A0%E6%B2%B9.mp4" "Mozilla/5.0 (Linux; Android 8.0.0; MIX 2 Build/OPR1.170623.027; wv) AppleWebKit/537.36 (KHTML, like Gecko) Version/4.0 Chrome/66.0.3359.126 MQQBrowser/6.2 TBS/044807 Mobile Safari/537.36 MMWEBID/1266 MicroMessenger/7.0.6.1460(0x27000634) Process/tools NetType/4G Language/zh_CN"
[Sun Aug 11 2019 15:57:51 GMT+0800 (CST)] "GET /videos/%E5%8A%A0%E6%B2%B9.mp4" "Mozilla/5.0 (Linux; Android 8.0.0; MIX 2 Build/OPR1.170623.027; wv) AppleWebKit/537.36 (KHTML, like Gecko) Version/4.0 Chrome/66.0.3359.126 MQQBrowser/6.2 TBS/044807 Mobile Safari/537.36 MMWEBID/1266 MicroMessenger/7.0.6.1460(0x27000634) Process/tools NetType/4G Language/zh_CN"
[Sun Aug 11 2019 15:57:53 GMT+0800 (CST)] "GET /videos/%E5%8A%A0%E6%B2%B9.mp4" "Lavf/57.83.100"
[Sun Aug 11 2019 15:58:04 GMT+0800 (CST)] "GET /videos/%E5%8A%A0%E6%B2%B9.mp4" "Lavf/57.83.100"
[Sun Aug 11 2019 15:58:04 GMT+0800 (CST)] "GET /videos/%E5%8A%A0%E6%B2%B9.mp4" "Lavf/57.83.100"
[Sun Aug 11 2019 15:58:06 GMT+0800 (CST)] "GET /videos/%E9%99%A4%E5%A4%95.mp4" "Lavf/57.83.100"
[Sun Aug 11 2019 15:58:06 GMT+0800 (CST)] "GET /videos/%E4%BA%A4%E9%80%9A%E7%95%85%E9%80%9A.mp4" "Mozilla/5.0 (Linux; Android 8.0.0; MIX 2 Build/OPR1.170623.027; wv) AppleWebKit/537.36 (KHTML, like Gecko) Version/4.0 Chrome/66.0.3359.126 MQQBrowser/6.2 TBS/044807 Mobile Safari/537.36 MMWEBID/1266 MicroMessenger/7.0.6.1460(0x27000634) Process/tools NetType/4G Language/zh_CN"
[Sun Aug 11 2019 15:58:07 GMT+0800 (CST)] "GET /videos/%E9%99%A4%E5%A4%95.mp4" "Lavf/57.83.100"
[Sun Aug 11 2019 15:58:07 GMT+0800 (CST)] "GET /videos/%E4%BA%A4%E9%80%9A%E7%95%85%E9%80%9A.mp4" "Mozilla/5.0 (Linux; Android 8.0.0; MIX 2 Build/OPR1.170623.027; wv) AppleWebKit/537.36 (KHTML, like Gecko) Version/4.0 Chrome/66.0.3359.126 MQQBrowser/6.2 TBS/044807 Mobile Safari/537.36 MMWEBID/1266 MicroMessenger/7.0.6.1460(0x27000634) Process/tools NetType/4G Language/zh_CN"
[Sun Aug 11 2019 15:58:07 GMT+0800 (CST)] "GET /videos/%E4%BA%A4%E9%80%9A%E7%95%85%E9%80%9A.mp4" "Mozilla/5.0 (Linux; Android 8.0.0; MIX 2 Build/OPR1.170623.027; wv) AppleWebKit/537.36 (KHTML, like Gecko) Version/4.0 Chrome/66.0.3359.126 MQQBrowser/6.2 TBS/044807 Mobile Safari/537.36 MMWEBID/1266 MicroMessenger/7.0.6.1460(0x27000634) Process/tools NetType/4G Language/zh_CN"
[Sun Aug 11 2019 15:58:09 GMT+0800 (CST)] "GET /videos/%E4%BA%A4%E9%80%9A%E7%95%85%E9%80%9A.mp4" "Lavf/57.83.100"
[Sun Aug 11 2019 15:58:25 GMT+0800 (CST)] "GET /videos/%E4%BA%A4%E9%80%9A%E7%95%85%E9%80%9A.mp4" "Lavf/57.83.100"
[Sun Aug 11 2019 15:58:25 GMT+0800 (CST)] "GET /videos/%E4%BA%A4%E9%80%9A%E7%95%85%E9%80%9A.mp4" "Lavf/57.83.100"
[Sun Aug 11 2019 15:58:40 GMT+0800 (CST)] "GET /?nsukey=WHGihMYqavWOtVioCJHTDk9%2Ftc1CWNoohu5kcTuyY6cD4jIcsLRGbOgevY2Jenpjvgsh9SYglU3Y7CqFaHcX4kdymjxoNrvOz1kkpOhSyGyzWmePxWZ0HdhuMJm9Wc11FwpW8i%2Bm09E0kVI1Idmlr1HQovE0YYJh%2Fl6ZyFb6IrucAFDmzGvnUbSUTmp8e41dCJy86QllxdMk%2FZrYd6FCgQ%3D%3D" "Mozilla/5.0 (Linux; Android 6.0.1; OPPO R9s Build/MMB29M) AppleWebKit/537.36 (KHTML, like Gecko) Version/4.0 Chrome/37.0.0.0 Mobile MQQBrowser/6.9 TBS/036906 Safari/537.36 MicroMessenger/6.5.4.1000 NetType/4G Language/zh_CN"
[Sun Aug 11 2019 15:58:58 GMT+0800 (CST)] "GET /js/modernizr.custom.js" "Mozilla/5.0 (Linux; Android 5.1.1; SM801 Build/LMY47V; wv) AppleWebKit/537.36 (KHTML, like Gecko) Version/4.0 Chrome/53.0.2785.49 Mobile MQQBrowser/6.2 TBS/043024 Safari/537.36 MicroMessenger/6.5.4.1000 NetType/4G Language/zh_CN"
[Sun Aug 11 2019 15:59:43 GMT+0800 (CST)] "GET /js/classie.js" "Mozilla/5.0 (Linux; Android 6.0.1; OPPO R9s Build/MMB29M) AppleWebKit/537.36 (KHTML, like Gecko) Version/4.0 Chrome/37.0.0.0 Mobile MQQBrowser/6.9 TBS/036906 Safari/537.36 MicroMessenger/6.5.4.1000 NetType/4G Language/zh_CN"
[Sun Aug 11 2019 15:59:57 GMT+0800 (CST)] "GET /js/dynamics.min.js" "Mozilla/5.0 (Windows NT 6.1; WOW64) AppleWebKit/537.36 (KHTML, like Gecko) Chrome/39.0.2171.95 Safari/537.36 MicroMessenger/6.5.2.501 NetType/WIFI WindowsWechat QBCore/3.43.27.400 QQBrowser/9.0.2524.400"
[Sun Aug 11 2019 16:00:17 GMT+0800 (CST)] "GET /js/main.js" "Mozilla/5.0 (Linux; Android 6.0.1; OPPO R9s Build/MMB29M) AppleWebKit/537.36 (KHTML, like Gecko) Version/4.0 Chrome/37.0.0.0 Mobile MQQBrowser/6.9 TBS/036906 Safari/537.36 MicroMessenger/6.5.4.1000 NetType/4G Language/zh_CN"
[Sun Aug 11 2019 16:10:09 GMT+0800 (CST)] "GET /videos/%E9%99%A4%E5%A4%95.mp4" "Mozilla/5.0 (Linux; Android 5.0; SM-G900P Build/LRX21T) AppleWebKit/537.36 (KHTML, like Gecko) Chrome/76.0.3809.100 Mobile Safari/537.36"
[Sun Aug 11 2019 16:10:09 GMT+0800 (CST)] "GET /videos/%E9%99%A4%E5%A4%95.mp4" "Mozilla/5.0 (Linux; Android 5.0; SM-G900P Build/LRX21T) AppleWebKit/537.36 (KHTML, like Gecko) Chrome/76.0.3809.100 Mobile Safari/537.36"
[Sun Aug 11 2019 16:10:09 GMT+0800 (CST)] "GET /videos/%E9%99%A4%E5%A4%95.mp4" "Mozilla/5.0 (Linux; Android 5.0; SM-G900P Build/LRX21T) AppleWebKit/537.36 (KHTML, like Gecko) Chrome/76.0.3809.100 Mobile Safari/537.36"
[Sun Aug 11 2019 16:10:16 GMT+0800 (CST)] "GET /videos/%E5%8A%A0%E6%B2%B9.mp4" "Mozilla/5.0 (Linux; Android 5.0; SM-G900P Build/LRX21T) AppleWebKit/537.36 (KHTML, like Gecko) Chrome/76.0.3809.100 Mobile Safari/537.36"
[Sun Aug 11 2019 16:10:17 GMT+0800 (CST)] "GET /videos/%E5%8A%A0%E6%B2%B9.mp4" "Mozilla/5.0 (Linux; Android 5.0; SM-G900P Build/LRX21T) AppleWebKit/537.36 (KHTML, like Gecko) Chrome/76.0.3809.100 Mobile Safari/537.36"
[Sun Aug 11 2019 16:10:17 GMT+0800 (CST)] "GET /videos/%E5%8A%A0%E6%B2%B9.mp4" "Mozilla/5.0 (Linux; Android 5.0; SM-G900P Build/LRX21T) AppleWebKit/537.36 (KHTML, like Gecko) Chrome/76.0.3809.100 Mobile Safari/537.36"
[Sun Aug 11 2019 16:10:24 GMT+0800 (CST)] "GET /videos/%E4%BA%A4%E9%80%9A%E7%95%85%E9%80%9A.mp4" "Mozilla/5.0 (Linux; Android 5.0; SM-G900P Build/LRX21T) AppleWebKit/537.36 (KHTML, like Gecko) Chrome/76.0.3809.100 Mobile Safari/537.36"
[Sun Aug 11 2019 16:10:24 GMT+0800 (CST)] "GET /videos/%E4%BA%A4%E9%80%9A%E7%95%85%E9%80%9A.mp4" "Mozilla/5.0 (Linux; Android 5.0; SM-G900P Build/LRX21T) AppleWebKit/537.36 (KHTML, like Gecko) Chrome/76.0.3809.100 Mobile Safari/537.36"
[Sun Aug 11 2019 16:10:25 GMT+0800 (CST)] "GET /videos/%E4%BA%A4%E9%80%9A%E7%95%85%E9%80%9A.mp4" "Mozilla/5.0 (Linux; Android 5.0; SM-G900P Build/LRX21T) AppleWebKit/537.36 (KHTML, like Gecko) Chrome/76.0.3809.100 Mobile Safari/537.36"
[Sun Aug 11 2019 16:47:36 GMT+0800 (CST)] "GET /" "Mozilla/5.0 (Macintosh; Intel Mac OS X 10_11_6) AppleWebKit/601.7.7 (KHTML, like Gecko) Version/9.1.2 Safari/601.7.7"
[Sun Aug 11 2019 16:56:12 GMT+0800 (CST)] "GET /" "Mozilla/5.0 (Linux; Android 5.0; SM-G900P Build/LRX21T) AppleWebKit/537.36 (KHTML, like Gecko) Chrome/76.0.3809.100 Mobile Safari/537.36"
[Sun Aug 11 2019 16:56:12 GMT+0800 (CST)] "GET /fonts/feather/style.css" "Mozilla/5.0 (Linux; Android 5.0; SM-G900P Build/LRX21T) AppleWebKit/537.36 (KHTML, like Gecko) Chrome/76.0.3809.100 Mobile Safari/537.36"
[Sun Aug 11 2019 16:56:12 GMT+0800 (CST)] "GET /css/demo.css" "Mozilla/5.0 (Linux; Android 5.0; SM-G900P Build/LRX21T) AppleWebKit/537.36 (KHTML, like Gecko) Chrome/76.0.3809.100 Mobile Safari/537.36"
[Sun Aug 11 2019 16:56:12 GMT+0800 (CST)] "GET /css/component.css" "Mozilla/5.0 (Linux; Android 5.0; SM-G900P Build/LRX21T) AppleWebKit/537.36 (KHTML, like Gecko) Chrome/76.0.3809.100 Mobile Safari/537.36"
[Sun Aug 11 2019 16:56:12 GMT+0800 (CST)] "GET /js/modernizr.custom.js" "Mozilla/5.0 (Linux; Android 5.0; SM-G900P Build/LRX21T) AppleWebKit/537.36 (KHTML, like Gecko) Chrome/76.0.3809.100 Mobile Safari/537.36"
[Sun Aug 11 2019 16:56:12 GMT+0800 (CST)] "GET /images/logo5.png" "Mozilla/5.0 (Linux; Android 5.0; SM-G900P Build/LRX21T) AppleWebKit/537.36 (KHTML, like Gecko) Chrome/76.0.3809.100 Mobile Safari/537.36"
[Sun Aug 11 2019 16:56:12 GMT+0800 (CST)] "GET /images/virlogo.png" "Mozilla/5.0 (Linux; Android 5.0; SM-G900P Build/LRX21T) AppleWebKit/537.36 (KHTML, like Gecko) Chrome/76.0.3809.100 Mobile Safari/537.36"
[Sun Aug 11 2019 16:56:12 GMT+0800 (CST)] "GET /js/classie.js" "Mozilla/5.0 (Linux; Android 5.0; SM-G900P Build/LRX21T) AppleWebKit/537.36 (KHTML, like Gecko) Chrome/76.0.3809.100 Mobile Safari/537.36"
[Sun Aug 11 2019 16:56:12 GMT+0800 (CST)] "GET /js/dynamics.min.js" "Mozilla/5.0 (Linux; Android 5.0; SM-G900P Build/LRX21T) AppleWebKit/537.36 (KHTML, like Gecko) Chrome/76.0.3809.100 Mobile Safari/537.36"
[Sun Aug 11 2019 16:56:12 GMT+0800 (CST)] "GET /js/main.js" "Mozilla/5.0 (Linux; Android 5.0; SM-G900P Build/LRX21T) AppleWebKit/537.36 (KHTML, like Gecko) Chrome/76.0.3809.100 Mobile Safari/537.36"
[Sun Aug 11 2019 16:56:12 GMT+0800 (CST)] "GET /images/imac.png" "Mozilla/5.0 (Linux; Android 5.0; SM-G900P Build/LRX21T) AppleWebKit/537.36 (KHTML, like Gecko) Chrome/76.0.3809.100 Mobile Safari/537.36"
[Sun Aug 11 2019 16:56:12 GMT+0800 (CST)] "GET /images/iphone-content.png" "Mozilla/5.0 (Linux; Android 5.0; SM-G900P Build/LRX21T) AppleWebKit/537.36 (KHTML, like Gecko) Chrome/76.0.3809.100 Mobile Safari/537.36"
[Sun Aug 11 2019 16:56:14 GMT+0800 (CST)] "GET /videos/%E8%A1%A8%E6%BC%94%E6%97%B6%E9%97%B4.mp4" "Mozilla/5.0 (Linux; Android 5.0; SM-G900P Build/LRX21T) AppleWebKit/537.36 (KHTML, like Gecko) Chrome/76.0.3809.100 Mobile Safari/537.36"
[Sun Aug 11 2019 16:56:14 GMT+0800 (CST)] "GET /videos/%E8%A1%A8%E6%BC%94%E6%97%B6%E9%97%B4.mp4" "Mozilla/5.0 (Linux; Android 5.0; SM-G900P Build/LRX21T) AppleWebKit/537.36 (KHTML, like Gecko) Chrome/76.0.3809.100 Mobile Safari/537.36"
[Sun Aug 11 2019 16:56:14 GMT+0800 (CST)] "GET /videos/%E8%A1%A8%E6%BC%94%E6%97%B6%E9%97%B4.mp4" "Mozilla/5.0 (Linux; Android 5.0; SM-G900P Build/LRX21T) AppleWebKit/537.36 (KHTML, like Gecko) Chrome/76.0.3809.100 Mobile Safari/537.36"
[Sun Aug 11 2019 17:17:02 GMT+0800 (CST)] "GET /robots.txt" "Mozilla/5.0 (compatible; Googlebot/2.1; +http://www.google.com/bot.html)"
[Sun Aug 11 2019 17:17:02 GMT+0800 (CST)] "GET /robots.txt" Error (404): "Not found"
[Sun Aug 11 2019 17:17:04 GMT+0800 (CST)] "GET /" "Mozilla/5.0 (Linux; Android 6.0.1; Nexus 5X Build/MMB29P) AppleWebKit/537.36 (KHTML, like Gecko) Chrome/41.0.2272.96 Mobile Safari/537.36 (compatible; Googlebot/2.1; +http://www.google.com/bot.html)"
[Sun Aug 11 2019 17:30:39 GMT+0800 (CST)] "GET /TP/public/index.php" "Mozilla/5.0 (Windows; U; Windows NT 6.0;en-US; rv:1.9.2) Gecko/20100115 Firefox/3.6)"
[Sun Aug 11 2019 17:30:39 GMT+0800 (CST)] "GET /TP/public/index.php" Error (404): "Not found"
[Sun Aug 11 2019 17:30:39 GMT+0800 (CST)] "GET /TP/index.php" "Mozilla/5.0 (Windows; U; Windows NT 6.0;en-US; rv:1.9.2) Gecko/20100115 Firefox/3.6)"
[Sun Aug 11 2019 17:30:39 GMT+0800 (CST)] "GET /TP/index.php" Error (404): "Not found"
[Sun Aug 11 2019 17:30:40 GMT+0800 (CST)] "GET /thinkphp/html/public/index.php" "Mozilla/5.0 (Windows; U; Windows NT 6.0;en-US; rv:1.9.2) Gecko/20100115 Firefox/3.6)"
[Sun Aug 11 2019 17:30:40 GMT+0800 (CST)] "GET /thinkphp/html/public/index.php" Error (404): "Not found"
[Sun Aug 11 2019 17:30:40 GMT+0800 (CST)] "GET /html/public/index.php" "Mozilla/5.0 (Windows; U; Windows NT 6.0;en-US; rv:1.9.2) Gecko/20100115 Firefox/3.6)"
[Sun Aug 11 2019 17:30:40 GMT+0800 (CST)] "GET /html/public/index.php" Error (404): "Not found"
[Sun Aug 11 2019 17:30:40 GMT+0800 (CST)] "GET /public/index.php" "Mozilla/5.0 (Windows; U; Windows NT 6.0;en-US; rv:1.9.2) Gecko/20100115 Firefox/3.6)"
[Sun Aug 11 2019 17:30:40 GMT+0800 (CST)] "GET /public/index.php" Error (404): "Not found"
[Sun Aug 11 2019 17:30:40 GMT+0800 (CST)] "GET /TP/html/public/index.php" "Mozilla/5.0 (Windows; U; Windows NT 6.0;en-US; rv:1.9.2) Gecko/20100115 Firefox/3.6)"
[Sun Aug 11 2019 17:30:40 GMT+0800 (CST)] "GET /TP/html/public/index.php" Error (404): "Not found"
[Sun Aug 11 2019 17:30:41 GMT+0800 (CST)] "GET /elrekt.php" "Mozilla/5.0 (Windows; U; Windows NT 6.0;en-US; rv:1.9.2) Gecko/20100115 Firefox/3.6)"
[Sun Aug 11 2019 17:30:41 GMT+0800 (CST)] "GET /elrekt.php" Error (404): "Not found"
[Sun Aug 11 2019 17:30:41 GMT+0800 (CST)] "GET /index.php" "Mozilla/5.0 (Windows; U; Windows NT 6.0;en-US; rv:1.9.2) Gecko/20100115 Firefox/3.6)"
[Sun Aug 11 2019 17:30:41 GMT+0800 (CST)] "GET /index.php" Error (404): "Not found"
[Sun Aug 11 2019 17:30:41 GMT+0800 (CST)] "GET /" "Mozilla/5.0 (Windows; U; Windows NT 6.0;en-US; rv:1.9.2) Gecko/20100115 Firefox/3.6)"
Starting up http-server, serving ./
Available on:
  http://127.0.0.1:80
  http://172.16.0.10:80
  http://10.8.0.1:80
Hit CTRL-C to stop the server
[Mon Aug 12 2019 10:55:40 GMT+0800 (CST)] "GET /" "Mozilla/5.0 (Windows NT 10.0; Win64; x64) AppleWebKit/537.36 (KHTML, like Gecko) Chrome/76.0.3809.100 Safari/537.36"
[Mon Aug 12 2019 10:55:40 GMT+0800 (CST)] "GET /fonts/feather/style.css" "Mozilla/5.0 (Windows NT 10.0; Win64; x64) AppleWebKit/537.36 (KHTML, like Gecko) Chrome/76.0.3809.100 Safari/537.36"
[Mon Aug 12 2019 10:55:40 GMT+0800 (CST)] "GET /css/demo.css" "Mozilla/5.0 (Windows NT 10.0; Win64; x64) AppleWebKit/537.36 (KHTML, like Gecko) Chrome/76.0.3809.100 Safari/537.36"
[Mon Aug 12 2019 10:55:40 GMT+0800 (CST)] "GET /css/component.css" "Mozilla/5.0 (Windows NT 10.0; Win64; x64) AppleWebKit/537.36 (KHTML, like Gecko) Chrome/76.0.3809.100 Safari/537.36"
[Mon Aug 12 2019 10:55:40 GMT+0800 (CST)] "GET /js/modernizr.custom.js" "Mozilla/5.0 (Windows NT 10.0; Win64; x64) AppleWebKit/537.36 (KHTML, like Gecko) Chrome/76.0.3809.100 Safari/537.36"
[Mon Aug 12 2019 10:55:40 GMT+0800 (CST)] "GET /images/logo5.png" "Mozilla/5.0 (Windows NT 10.0; Win64; x64) AppleWebKit/537.36 (KHTML, like Gecko) Chrome/76.0.3809.100 Safari/537.36"
[Mon Aug 12 2019 10:55:40 GMT+0800 (CST)] "GET /images/virlogo.png" "Mozilla/5.0 (Windows NT 10.0; Win64; x64) AppleWebKit/537.36 (KHTML, like Gecko) Chrome/76.0.3809.100 Safari/537.36"
[Mon Aug 12 2019 10:55:40 GMT+0800 (CST)] "GET /js/classie.js" "Mozilla/5.0 (Windows NT 10.0; Win64; x64) AppleWebKit/537.36 (KHTML, like Gecko) Chrome/76.0.3809.100 Safari/537.36"
[Mon Aug 12 2019 10:55:40 GMT+0800 (CST)] "GET /js/dynamics.min.js" "Mozilla/5.0 (Windows NT 10.0; Win64; x64) AppleWebKit/537.36 (KHTML, like Gecko) Chrome/76.0.3809.100 Safari/537.36"
[Mon Aug 12 2019 10:55:40 GMT+0800 (CST)] "GET /js/main.js" "Mozilla/5.0 (Windows NT 10.0; Win64; x64) AppleWebKit/537.36 (KHTML, like Gecko) Chrome/76.0.3809.100 Safari/537.36"
[Mon Aug 12 2019 10:55:40 GMT+0800 (CST)] "GET /images/imac.png" "Mozilla/5.0 (Windows NT 10.0; Win64; x64) AppleWebKit/537.36 (KHTML, like Gecko) Chrome/76.0.3809.100 Safari/537.36"
[Mon Aug 12 2019 10:55:40 GMT+0800 (CST)] "GET /images/iphone-content.png" "Mozilla/5.0 (Windows NT 10.0; Win64; x64) AppleWebKit/537.36 (KHTML, like Gecko) Chrome/76.0.3809.100 Safari/537.36"
[Mon Aug 12 2019 10:55:44 GMT+0800 (CST)] "GET /videos/%E8%A1%A8%E6%BC%94%E6%97%B6%E9%97%B4.mp4" "Mozilla/5.0 (Windows NT 10.0; Win64; x64) AppleWebKit/537.36 (KHTML, like Gecko) Chrome/76.0.3809.100 Safari/537.36"
[Mon Aug 12 2019 10:55:44 GMT+0800 (CST)] "GET /videos/%E8%A1%A8%E6%BC%94%E6%97%B6%E9%97%B4.mp4" "Mozilla/5.0 (Windows NT 10.0; Win64; x64) AppleWebKit/537.36 (KHTML, like Gecko) Chrome/76.0.3809.100 Safari/537.36"
[Mon Aug 12 2019 10:55:45 GMT+0800 (CST)] "GET /videos/%E8%A1%A8%E6%BC%94%E6%97%B6%E9%97%B4.mp4" "Mozilla/5.0 (Windows NT 10.0; Win64; x64) AppleWebKit/537.36 (KHTML, like Gecko) Chrome/76.0.3809.100 Safari/537.36"
[Mon Aug 12 2019 10:55:46 GMT+0800 (CST)] "GET /favicon.ico" "Mozilla/5.0 (Windows NT 10.0; Win64; x64) AppleWebKit/537.36 (KHTML, like Gecko) Chrome/76.0.3809.100 Safari/537.36"
[Mon Aug 12 2019 10:55:46 GMT+0800 (CST)] "GET /favicon.ico" Error (404): "Not found"
[Mon Aug 12 2019 10:56:19 GMT+0800 (CST)] "GET /" "Mozilla/5.0 (Linux; Android 5.0; SM-G900P Build/LRX21T) AppleWebKit/537.36 (KHTML, like Gecko) Chrome/76.0.3809.100 Mobile Safari/537.36"
[Mon Aug 12 2019 10:56:19 GMT+0800 (CST)] "GET /fonts/feather/style.css" "Mozilla/5.0 (Linux; Android 5.0; SM-G900P Build/LRX21T) AppleWebKit/537.36 (KHTML, like Gecko) Chrome/76.0.3809.100 Mobile Safari/537.36"
[Mon Aug 12 2019 10:56:19 GMT+0800 (CST)] "GET /css/demo.css" "Mozilla/5.0 (Linux; Android 5.0; SM-G900P Build/LRX21T) AppleWebKit/537.36 (KHTML, like Gecko) Chrome/76.0.3809.100 Mobile Safari/537.36"
[Mon Aug 12 2019 10:56:20 GMT+0800 (CST)] "GET /css/component.css" "Mozilla/5.0 (Linux; Android 5.0; SM-G900P Build/LRX21T) AppleWebKit/537.36 (KHTML, like Gecko) Chrome/76.0.3809.100 Mobile Safari/537.36"
[Mon Aug 12 2019 10:56:20 GMT+0800 (CST)] "GET /js/modernizr.custom.js" "Mozilla/5.0 (Linux; Android 5.0; SM-G900P Build/LRX21T) AppleWebKit/537.36 (KHTML, like Gecko) Chrome/76.0.3809.100 Mobile Safari/537.36"
[Mon Aug 12 2019 10:56:20 GMT+0800 (CST)] "GET /images/virlogo.png" "Mozilla/5.0 (Linux; Android 5.0; SM-G900P Build/LRX21T) AppleWebKit/537.36 (KHTML, like Gecko) Chrome/76.0.3809.100 Mobile Safari/537.36"
[Mon Aug 12 2019 10:56:20 GMT+0800 (CST)] "GET /images/logo5.png" "Mozilla/5.0 (Linux; Android 5.0; SM-G900P Build/LRX21T) AppleWebKit/537.36 (KHTML, like Gecko) Chrome/76.0.3809.100 Mobile Safari/537.36"
[Mon Aug 12 2019 10:56:20 GMT+0800 (CST)] "GET /js/classie.js" "Mozilla/5.0 (Linux; Android 5.0; SM-G900P Build/LRX21T) AppleWebKit/537.36 (KHTML, like Gecko) Chrome/76.0.3809.100 Mobile Safari/537.36"
[Mon Aug 12 2019 10:56:20 GMT+0800 (CST)] "GET /js/dynamics.min.js" "Mozilla/5.0 (Linux; Android 5.0; SM-G900P Build/LRX21T) AppleWebKit/537.36 (KHTML, like Gecko) Chrome/76.0.3809.100 Mobile Safari/537.36"
[Mon Aug 12 2019 10:56:20 GMT+0800 (CST)] "GET /js/main.js" "Mozilla/5.0 (Linux; Android 5.0; SM-G900P Build/LRX21T) AppleWebKit/537.36 (KHTML, like Gecko) Chrome/76.0.3809.100 Mobile Safari/537.36"
[Mon Aug 12 2019 10:56:20 GMT+0800 (CST)] "GET /images/imac.png" "Mozilla/5.0 (Linux; Android 5.0; SM-G900P Build/LRX21T) AppleWebKit/537.36 (KHTML, like Gecko) Chrome/76.0.3809.100 Mobile Safari/537.36"
[Mon Aug 12 2019 10:56:20 GMT+0800 (CST)] "GET /images/iphone-content.png" "Mozilla/5.0 (Linux; Android 5.0; SM-G900P Build/LRX21T) AppleWebKit/537.36 (KHTML, like Gecko) Chrome/76.0.3809.100 Mobile Safari/537.36"
[Mon Aug 12 2019 10:58:35 GMT+0800 (CST)] "GET /" "Mozilla/5.0 (Windows NT 10.0; Win64; x64) AppleWebKit/537.36 (KHTML, like Gecko) Chrome/75.0.3770.142 Safari/537.36"
[Mon Aug 12 2019 10:58:35 GMT+0800 (CST)] "GET /fonts/feather/style.css" "Mozilla/5.0 (Windows NT 10.0; Win64; x64) AppleWebKit/537.36 (KHTML, like Gecko) Chrome/75.0.3770.142 Safari/537.36"
[Mon Aug 12 2019 10:58:35 GMT+0800 (CST)] "GET /css/demo.css" "Mozilla/5.0 (Windows NT 10.0; Win64; x64) AppleWebKit/537.36 (KHTML, like Gecko) Chrome/75.0.3770.142 Safari/537.36"
[Mon Aug 12 2019 10:58:35 GMT+0800 (CST)] "GET /css/component.css" "Mozilla/5.0 (Windows NT 10.0; Win64; x64) AppleWebKit/537.36 (KHTML, like Gecko) Chrome/75.0.3770.142 Safari/537.36"
[Mon Aug 12 2019 10:58:35 GMT+0800 (CST)] "GET /js/modernizr.custom.js" "Mozilla/5.0 (Windows NT 10.0; Win64; x64) AppleWebKit/537.36 (KHTML, like Gecko) Chrome/75.0.3770.142 Safari/537.36"
[Mon Aug 12 2019 10:58:35 GMT+0800 (CST)] "GET /images/logo5.png" "Mozilla/5.0 (Windows NT 10.0; Win64; x64) AppleWebKit/537.36 (KHTML, like Gecko) Chrome/75.0.3770.142 Safari/537.36"
[Mon Aug 12 2019 10:58:35 GMT+0800 (CST)] "GET /images/virlogo.png" "Mozilla/5.0 (Windows NT 10.0; Win64; x64) AppleWebKit/537.36 (KHTML, like Gecko) Chrome/75.0.3770.142 Safari/537.36"
[Mon Aug 12 2019 10:58:35 GMT+0800 (CST)] "GET /js/classie.js" "Mozilla/5.0 (Windows NT 10.0; Win64; x64) AppleWebKit/537.36 (KHTML, like Gecko) Chrome/75.0.3770.142 Safari/537.36"
[Mon Aug 12 2019 10:58:35 GMT+0800 (CST)] "GET /js/dynamics.min.js" "Mozilla/5.0 (Windows NT 10.0; Win64; x64) AppleWebKit/537.36 (KHTML, like Gecko) Chrome/75.0.3770.142 Safari/537.36"
[Mon Aug 12 2019 10:58:36 GMT+0800 (CST)] "GET /js/main.js" "Mozilla/5.0 (Windows NT 10.0; Win64; x64) AppleWebKit/537.36 (KHTML, like Gecko) Chrome/75.0.3770.142 Safari/537.36"
[Mon Aug 12 2019 10:58:36 GMT+0800 (CST)] "GET /images/imac.png" "Mozilla/5.0 (Windows NT 10.0; Win64; x64) AppleWebKit/537.36 (KHTML, like Gecko) Chrome/75.0.3770.142 Safari/537.36"
[Mon Aug 12 2019 10:58:36 GMT+0800 (CST)] "GET /images/iphone-content.png" "Mozilla/5.0 (Windows NT 10.0; Win64; x64) AppleWebKit/537.36 (KHTML, like Gecko) Chrome/75.0.3770.142 Safari/537.36"
[Mon Aug 12 2019 10:58:40 GMT+0800 (CST)] "GET /favicon.ico" "Mozilla/5.0 (Windows NT 10.0; Win64; x64) AppleWebKit/537.36 (KHTML, like Gecko) Chrome/75.0.3770.142 Safari/537.36"
[Mon Aug 12 2019 10:58:40 GMT+0800 (CST)] "GET /favicon.ico" Error (404): "Not found"
[Mon Aug 12 2019 10:58:48 GMT+0800 (CST)] "GET /videos/%E6%9D%8E%E5%BC%80%E5%A4%8D.mp4" "Mozilla/5.0 (Linux; Android 5.0; SM-G900P Build/LRX21T) AppleWebKit/537.36 (KHTML, like Gecko) Chrome/76.0.3809.100 Mobile Safari/537.36"
[Mon Aug 12 2019 10:58:48 GMT+0800 (CST)] "GET /videos/%E6%9D%8E%E5%BC%80%E5%A4%8D.mp4" "Mozilla/5.0 (Linux; Android 5.0; SM-G900P Build/LRX21T) AppleWebKit/537.36 (KHTML, like Gecko) Chrome/76.0.3809.100 Mobile Safari/537.36"
[Mon Aug 12 2019 10:58:49 GMT+0800 (CST)] "GET /videos/%E6%9D%8E%E5%BC%80%E5%A4%8D.mp4" "Mozilla/5.0 (Linux; Android 5.0; SM-G900P Build/LRX21T) AppleWebKit/537.36 (KHTML, like Gecko) Chrome/76.0.3809.100 Mobile Safari/537.36"
http-server stopped.
